{"/Users/luisalfredo/tekchoice/react-modern-datepicker/lib/components/ModernDatepicker.js": {"path":"/Users/luisalfredo/tekchoice/react-modern-datepicker/lib/components/ModernDatepicker.js","statementMap":{"0":{"start":{"line":20,"column":0},"end":{"line":20,"column":32}},"1":{"start":{"line":21,"column":0},"end":{"line":21,"column":24}},"2":{"start":{"line":22,"column":0},"end":{"line":22,"column":28}},"3":{"start":{"line":23,"column":0},"end":{"line":23,"column":29}},"4":{"start":{"line":26,"column":4},"end":{"line":26,"column":17}},"5":{"start":{"line":27,"column":4},"end":{"line":27,"column":180}},"6":{"start":{"line":28,"column":4},"end":{"line":28,"column":195}},"7":{"start":{"line":29,"column":4},"end":{"line":29,"column":195}},"8":{"start":{"line":30,"column":4},"end":{"line":38,"column":6}},"9":{"start":{"line":39,"column":4},"end":{"line":39,"column":149}},"10":{"start":{"line":40,"column":4},"end":{"line":40,"column":61}},"11":{"start":{"line":44,"column":29},"end":{"line":44,"column":200}},"12":{"start":{"line":45,"column":28},"end":{"line":45,"column":211}},"13":{"start":{"line":46,"column":28},"end":{"line":46,"column":211}},"14":{"start":{"line":47,"column":4},"end":{"line":47,"column":72}},"15":{"start":{"line":51,"column":68},"end":{"line":51,"column":78}},"16":{"start":{"line":52,"column":26},"end":{"line":52,"column":36}},"17":{"start":{"line":53,"column":57},"end":{"line":53,"column":81}},"18":{"start":{"line":54,"column":18},"end":{"line":54,"column":112}},"19":{"start":{"line":55,"column":21},"end":{"line":55,"column":98}},"20":{"start":{"line":56,"column":21},"end":{"line":56,"column":98}},"21":{"start":{"line":58,"column":22},"end":{"line":58,"column":24}},"22":{"start":{"line":59,"column":4},"end":{"line":63,"column":5}},"23":{"start":{"line":60,"column":6},"end":{"line":60,"column":67}},"24":{"start":{"line":62,"column":6},"end":{"line":62,"column":403}},"25":{"start":{"line":66,"column":17},"end":{"line":66,"column":132}},"26":{"start":{"line":67,"column":17},"end":{"line":67,"column":33}},"27":{"start":{"line":68,"column":25},"end":{"line":68,"column":62}},"28":{"start":{"line":69,"column":23},"end":{"line":69,"column":58}},"29":{"start":{"line":70,"column":4},"end":{"line":79,"column":7}},"30":{"start":{"line":75,"column":6},"end":{"line":75,"column":27}},"31":{"start":{"line":76,"column":6},"end":{"line":78,"column":7}},"32":{"start":{"line":77,"column":8},"end":{"line":77,"column":35}},"33":{"start":{"line":83,"column":68},"end":{"line":83,"column":78}},"34":{"start":{"line":84,"column":38},"end":{"line":84,"column":48}},"35":{"start":{"line":85,"column":27},"end":{"line":85,"column":32}},"36":{"start":{"line":85,"column":52},"end":{"line":85,"column":57}},"37":{"start":{"line":86,"column":57},"end":{"line":86,"column":81}},"38":{"start":{"line":87,"column":18},"end":{"line":87,"column":112}},"39":{"start":{"line":88,"column":21},"end":{"line":88,"column":98}},"40":{"start":{"line":89,"column":21},"end":{"line":89,"column":98}},"41":{"start":{"line":91,"column":22},"end":{"line":91,"column":24}},"42":{"start":{"line":92,"column":4},"end":{"line":96,"column":5}},"43":{"start":{"line":93,"column":6},"end":{"line":93,"column":67}},"44":{"start":{"line":95,"column":6},"end":{"line":95,"column":403}},"45":{"start":{"line":100,"column":17},"end":{"line":100,"column":98}},"46":{"start":{"line":101,"column":20},"end":{"line":101,"column":116}},"47":{"start":{"line":102,"column":22},"end":{"line":102,"column":118}},"48":{"start":{"line":103,"column":4},"end":{"line":111,"column":5}},"49":{"start":{"line":104,"column":6},"end":{"line":110,"column":7}},"50":{"start":{"line":105,"column":8},"end":{"line":105,"column":32}},"51":{"start":{"line":106,"column":13},"end":{"line":110,"column":7}},"52":{"start":{"line":107,"column":8},"end":{"line":107,"column":31}},"53":{"start":{"line":109,"column":8},"end":{"line":109,"column":15}},"54":{"start":{"line":112,"column":17},"end":{"line":112,"column":33}},"55":{"start":{"line":113,"column":25},"end":{"line":113,"column":62}},"56":{"start":{"line":114,"column":24},"end":{"line":114,"column":59}},"57":{"start":{"line":115,"column":4},"end":{"line":121,"column":5}},"58":{"start":{"line":116,"column":6},"end":{"line":116,"column":75}},"59":{"start":{"line":117,"column":11},"end":{"line":121,"column":5}},"60":{"start":{"line":118,"column":6},"end":{"line":118,"column":73}},"61":{"start":{"line":120,"column":6},"end":{"line":120,"column":58}},"62":{"start":{"line":122,"column":4},"end":{"line":126,"column":7}},"63":{"start":{"line":127,"column":4},"end":{"line":127,"column":28}},"64":{"start":{"line":130,"column":68},"end":{"line":130,"column":78}},"65":{"start":{"line":131,"column":38},"end":{"line":131,"column":48}},"66":{"start":{"line":132,"column":27},"end":{"line":132,"column":32}},"67":{"start":{"line":132,"column":52},"end":{"line":132,"column":57}},"68":{"start":{"line":133,"column":57},"end":{"line":133,"column":81}},"69":{"start":{"line":134,"column":18},"end":{"line":134,"column":112}},"70":{"start":{"line":135,"column":21},"end":{"line":135,"column":98}},"71":{"start":{"line":136,"column":21},"end":{"line":136,"column":98}},"72":{"start":{"line":138,"column":22},"end":{"line":138,"column":24}},"73":{"start":{"line":139,"column":4},"end":{"line":143,"column":5}},"74":{"start":{"line":140,"column":6},"end":{"line":140,"column":67}},"75":{"start":{"line":142,"column":6},"end":{"line":142,"column":403}},"76":{"start":{"line":146,"column":17},"end":{"line":146,"column":103}},"77":{"start":{"line":147,"column":20},"end":{"line":147,"column":116}},"78":{"start":{"line":148,"column":22},"end":{"line":148,"column":118}},"79":{"start":{"line":149,"column":4},"end":{"line":157,"column":5}},"80":{"start":{"line":150,"column":6},"end":{"line":156,"column":7}},"81":{"start":{"line":151,"column":8},"end":{"line":151,"column":32}},"82":{"start":{"line":152,"column":13},"end":{"line":156,"column":7}},"83":{"start":{"line":153,"column":8},"end":{"line":153,"column":31}},"84":{"start":{"line":155,"column":8},"end":{"line":155,"column":15}},"85":{"start":{"line":158,"column":17},"end":{"line":158,"column":33}},"86":{"start":{"line":159,"column":25},"end":{"line":159,"column":62}},"87":{"start":{"line":160,"column":24},"end":{"line":160,"column":59}},"88":{"start":{"line":161,"column":4},"end":{"line":167,"column":5}},"89":{"start":{"line":162,"column":6},"end":{"line":162,"column":75}},"90":{"start":{"line":163,"column":11},"end":{"line":167,"column":5}},"91":{"start":{"line":164,"column":6},"end":{"line":164,"column":73}},"92":{"start":{"line":166,"column":6},"end":{"line":166,"column":58}},"93":{"start":{"line":168,"column":4},"end":{"line":172,"column":7}},"94":{"start":{"line":173,"column":4},"end":{"line":173,"column":28}},"95":{"start":{"line":178,"column":15},"end":{"line":178,"column":20}},"96":{"start":{"line":179,"column":4},"end":{"line":187,"column":5}},"97":{"start":{"line":180,"column":6},"end":{"line":180,"column":31}},"98":{"start":{"line":182,"column":9},"end":{"line":187,"column":5}},"99":{"start":{"line":183,"column":6},"end":{"line":183,"column":26}},"100":{"start":{"line":186,"column":6},"end":{"line":186,"column":31}},"101":{"start":{"line":188,"column":4},"end":{"line":188,"column":24}},"102":{"start":{"line":191,"column":26},"end":{"line":191,"column":41}},"103":{"start":{"line":192,"column":4},"end":{"line":196,"column":10}},"104":{"start":{"line":193,"column":6},"end":{"line":195,"column":7}},"105":{"start":{"line":194,"column":8},"end":{"line":194,"column":35}},"106":{"start":{"line":201,"column":46},"end":{"line":201,"column":56}},"107":{"start":{"line":202,"column":4},"end":{"line":207,"column":5}},"108":{"start":{"line":203,"column":6},"end":{"line":203,"column":17}},"109":{"start":{"line":205,"column":9},"end":{"line":207,"column":5}},"110":{"start":{"line":206,"column":6},"end":{"line":206,"column":15}},"111":{"start":{"line":208,"column":31},"end":{"line":208,"column":55}},"112":{"start":{"line":209,"column":23},"end":{"line":209,"column":200}},"113":{"start":{"line":211,"column":4},"end":{"line":217,"column":7}},"114":{"start":{"line":220,"column":4},"end":{"line":220,"column":34}},"115":{"start":{"line":224,"column":4},"end":{"line":224,"column":23}},"116":{"start":{"line":225,"column":51},"end":{"line":225,"column":61}},"117":{"start":{"line":226,"column":26},"end":{"line":226,"column":36}},"118":{"start":{"line":227,"column":21},"end":{"line":227,"column":35}},"119":{"start":{"line":228,"column":57},"end":{"line":228,"column":81}},"120":{"start":{"line":229,"column":18},"end":{"line":229,"column":57}},"121":{"start":{"line":230,"column":21},"end":{"line":230,"column":98}},"122":{"start":{"line":231,"column":21},"end":{"line":231,"column":98}},"123":{"start":{"line":232,"column":4},"end":{"line":239,"column":5}},"124":{"start":{"line":233,"column":19},"end":{"line":233,"column":89}},"125":{"start":{"line":234,"column":19},"end":{"line":234,"column":70}},"126":{"start":{"line":235,"column":27},"end":{"line":235,"column":64}},"127":{"start":{"line":236,"column":6},"end":{"line":238,"column":8}},"128":{"start":{"line":237,"column":8},"end":{"line":237,"column":23}},"129":{"start":{"line":240,"column":4},"end":{"line":240,"column":31}},"130":{"start":{"line":244,"column":48},"end":{"line":244,"column":58}},"131":{"start":{"line":245,"column":47},"end":{"line":245,"column":57}},"132":{"start":{"line":246,"column":73},"end":{"line":246,"column":97}},"133":{"start":{"line":247,"column":24},"end":{"line":247,"column":106}},"134":{"start":{"line":248,"column":22},"end":{"line":248,"column":118}},"135":{"start":{"line":249,"column":20},"end":{"line":249,"column":116}},"136":{"start":{"line":250,"column":4},"end":{"line":267,"column":5}},"137":{"start":{"line":251,"column":6},"end":{"line":251,"column":28}},"138":{"start":{"line":253,"column":9},"end":{"line":267,"column":5}},"139":{"start":{"line":254,"column":6},"end":{"line":254,"column":36}},"140":{"start":{"line":256,"column":9},"end":{"line":267,"column":5}},"141":{"start":{"line":257,"column":6},"end":{"line":257,"column":32}},"142":{"start":{"line":259,"column":9},"end":{"line":267,"column":5}},"143":{"start":{"line":260,"column":6},"end":{"line":260,"column":32}},"144":{"start":{"line":262,"column":9},"end":{"line":267,"column":5}},"145":{"start":{"line":263,"column":6},"end":{"line":263,"column":144}},"146":{"start":{"line":266,"column":6},"end":{"line":266,"column":16}},"147":{"start":{"line":271,"column":84},"end":{"line":271,"column":94}},"148":{"start":{"line":272,"column":273},"end":{"line":272,"column":283}},"149":{"start":{"line":273,"column":57},"end":{"line":273,"column":81}},"150":{"start":{"line":274,"column":21},"end":{"line":274,"column":179}},"151":{"start":{"line":275,"column":21},"end":{"line":275,"column":179}},"152":{"start":{"line":276,"column":18},"end":{"line":276,"column":43}},"153":{"start":{"line":277,"column":4},"end":{"line":358,"column":6}},"154":{"start":{"line":278,"column":32},"end":{"line":278,"column":46}},"155":{"start":{"line":286,"column":27},"end":{"line":286,"column":59}},"156":{"start":{"line":287,"column":26},"end":{"line":287,"column":54}},"157":{"start":{"line":299,"column":25},"end":{"line":299,"column":50}},"158":{"start":{"line":306,"column":16},"end":{"line":310,"column":17}},"159":{"start":{"line":307,"column":18},"end":{"line":307,"column":41}},"160":{"start":{"line":309,"column":18},"end":{"line":309,"column":42}},"161":{"start":{"line":323,"column":33},"end":{"line":323,"column":57}},"162":{"start":{"line":324,"column":34},"end":{"line":324,"column":59}},"163":{"start":{"line":325,"column":33},"end":{"line":325,"column":57}},"164":{"start":{"line":332,"column":16},"end":{"line":336,"column":17}},"165":{"start":{"line":333,"column":18},"end":{"line":333,"column":41}},"166":{"start":{"line":335,"column":18},"end":{"line":335,"column":42}},"167":{"start":{"line":348,"column":39},"end":{"line":348,"column":73}},"168":{"start":{"line":362,"column":0},"end":{"line":401,"column":2}}},"fnMap":{"0":{"name":"(anonymous_0)","decl":{"start":{"line":25,"column":2},"end":{"line":25,"column":3}},"loc":{"start":{"line":25,"column":21},"end":{"line":41,"column":3}},"line":25},"1":{"name":"(anonymous_1)","decl":{"start":{"line":43,"column":2},"end":{"line":43,"column":3}},"loc":{"start":{"line":43,"column":22},"end":{"line":48,"column":3}},"line":43},"2":{"name":"(anonymous_2)","decl":{"start":{"line":50,"column":2},"end":{"line":50,"column":3}},"loc":{"start":{"line":50,"column":32},"end":{"line":81,"column":3}},"line":50},"3":{"name":"(anonymous_3)","decl":{"start":{"line":74,"column":7},"end":{"line":74,"column":8}},"loc":{"start":{"line":74,"column":13},"end":{"line":79,"column":5}},"line":74},"4":{"name":"(anonymous_4)","decl":{"start":{"line":82,"column":2},"end":{"line":82,"column":3}},"loc":{"start":{"line":82,"column":23},"end":{"line":128,"column":3}},"line":82},"5":{"name":"(anonymous_5)","decl":{"start":{"line":129,"column":2},"end":{"line":129,"column":3}},"loc":{"start":{"line":129,"column":23},"end":{"line":174,"column":3}},"line":129},"6":{"name":"(anonymous_6)","decl":{"start":{"line":176,"column":2},"end":{"line":176,"column":3}},"loc":{"start":{"line":176,"column":36},"end":{"line":189,"column":3}},"line":176},"7":{"name":"(anonymous_7)","decl":{"start":{"line":190,"column":2},"end":{"line":190,"column":3}},"loc":{"start":{"line":190,"column":12},"end":{"line":198,"column":3}},"line":190},"8":{"name":"(anonymous_8)","decl":{"start":{"line":192,"column":15},"end":{"line":192,"column":16}},"loc":{"start":{"line":192,"column":21},"end":{"line":196,"column":5}},"line":192},"9":{"name":"(anonymous_9)","decl":{"start":{"line":200,"column":2},"end":{"line":200,"column":3}},"loc":{"start":{"line":200,"column":26},"end":{"line":218,"column":3}},"line":200},"10":{"name":"(anonymous_10)","decl":{"start":{"line":219,"column":2},"end":{"line":219,"column":3}},"loc":{"start":{"line":219,"column":26},"end":{"line":221,"column":3}},"line":219},"11":{"name":"(anonymous_11)","decl":{"start":{"line":223,"column":2},"end":{"line":223,"column":3}},"loc":{"start":{"line":223,"column":17},"end":{"line":241,"column":3}},"line":223},"12":{"name":"(anonymous_12)","decl":{"start":{"line":236,"column":67},"end":{"line":236,"column":68}},"loc":{"start":{"line":236,"column":73},"end":{"line":238,"column":7}},"line":236},"13":{"name":"(anonymous_13)","decl":{"start":{"line":243,"column":2},"end":{"line":243,"column":3}},"loc":{"start":{"line":243,"column":23},"end":{"line":268,"column":3}},"line":243},"14":{"name":"(anonymous_14)","decl":{"start":{"line":270,"column":2},"end":{"line":270,"column":3}},"loc":{"start":{"line":270,"column":11},"end":{"line":359,"column":3}},"line":270},"15":{"name":"(anonymous_15)","decl":{"start":{"line":278,"column":25},"end":{"line":278,"column":26}},"loc":{"start":{"line":278,"column":32},"end":{"line":278,"column":46}},"line":278},"16":{"name":"(anonymous_16)","decl":{"start":{"line":286,"column":20},"end":{"line":286,"column":21}},"loc":{"start":{"line":286,"column":27},"end":{"line":286,"column":59}},"line":286},"17":{"name":"(anonymous_17)","decl":{"start":{"line":287,"column":19},"end":{"line":287,"column":20}},"loc":{"start":{"line":287,"column":26},"end":{"line":287,"column":54}},"line":287},"18":{"name":"(anonymous_18)","decl":{"start":{"line":299,"column":19},"end":{"line":299,"column":20}},"loc":{"start":{"line":299,"column":25},"end":{"line":299,"column":50}},"line":299},"19":{"name":"(anonymous_19)","decl":{"start":{"line":305,"column":23},"end":{"line":305,"column":24}},"loc":{"start":{"line":305,"column":29},"end":{"line":311,"column":15}},"line":305},"20":{"name":"(anonymous_20)","decl":{"start":{"line":323,"column":27},"end":{"line":323,"column":28}},"loc":{"start":{"line":323,"column":33},"end":{"line":323,"column":57}},"line":323},"21":{"name":"(anonymous_21)","decl":{"start":{"line":324,"column":28},"end":{"line":324,"column":29}},"loc":{"start":{"line":324,"column":34},"end":{"line":324,"column":59}},"line":324},"22":{"name":"(anonymous_22)","decl":{"start":{"line":325,"column":27},"end":{"line":325,"column":28}},"loc":{"start":{"line":325,"column":33},"end":{"line":325,"column":57}},"line":325},"23":{"name":"(anonymous_23)","decl":{"start":{"line":331,"column":23},"end":{"line":331,"column":24}},"loc":{"start":{"line":331,"column":29},"end":{"line":337,"column":15}},"line":331},"24":{"name":"(anonymous_24)","decl":{"start":{"line":348,"column":22},"end":{"line":348,"column":23}},"loc":{"start":{"line":348,"column":39},"end":{"line":348,"column":73}},"line":348}},"branchMap":{"0":{"loc":{"start":{"line":27,"column":28},"end":{"line":27,"column":179}},"type":"binary-expr","locations":[{"start":{"line":27,"column":28},"end":{"line":27,"column":38}},{"start":{"line":27,"column":42},"end":{"line":27,"column":104}},{"start":{"line":27,"column":108},"end":{"line":27,"column":134}},{"start":{"line":27,"column":138},"end":{"line":27,"column":179}}],"line":27},"1":{"loc":{"start":{"line":28,"column":31},"end":{"line":28,"column":194}},"type":"binary-expr","locations":[{"start":{"line":28,"column":31},"end":{"line":28,"column":44}},{"start":{"line":28,"column":48},"end":{"line":28,"column":113}},{"start":{"line":28,"column":117},"end":{"line":28,"column":146}},{"start":{"line":28,"column":150},"end":{"line":28,"column":194}}],"line":28},"2":{"loc":{"start":{"line":29,"column":31},"end":{"line":29,"column":194}},"type":"binary-expr","locations":[{"start":{"line":29,"column":31},"end":{"line":29,"column":44}},{"start":{"line":29,"column":48},"end":{"line":29,"column":113}},{"start":{"line":29,"column":117},"end":{"line":29,"column":146}},{"start":{"line":29,"column":150},"end":{"line":29,"column":194}}],"line":29},"3":{"loc":{"start":{"line":34,"column":18},"end":{"line":34,"column":203}},"type":"cond-expr","locations":[{"start":{"line":34,"column":32},"end":{"line":34,"column":197}},{"start":{"line":34,"column":201},"end":{"line":34,"column":203}}],"line":34},"4":{"loc":{"start":{"line":34,"column":32},"end":{"line":34,"column":197}},"type":"cond-expr","locations":[{"start":{"line":34,"column":56},"end":{"line":34,"column":110}},{"start":{"line":34,"column":113},"end":{"line":34,"column":197}}],"line":34},"5":{"loc":{"start":{"line":34,"column":81},"end":{"line":34,"column":109}},"type":"binary-expr","locations":[{"start":{"line":34,"column":81},"end":{"line":34,"column":93}},{"start":{"line":34,"column":97},"end":{"line":34,"column":109}}],"line":34},"6":{"loc":{"start":{"line":34,"column":131},"end":{"line":34,"column":159}},"type":"binary-expr","locations":[{"start":{"line":34,"column":131},"end":{"line":34,"column":143}},{"start":{"line":34,"column":147},"end":{"line":34,"column":159}}],"line":34},"7":{"loc":{"start":{"line":34,"column":168},"end":{"line":34,"column":196}},"type":"binary-expr","locations":[{"start":{"line":34,"column":168},"end":{"line":34,"column":180}},{"start":{"line":34,"column":184},"end":{"line":34,"column":196}}],"line":34},"8":{"loc":{"start":{"line":35,"column":15},"end":{"line":35,"column":148}},"type":"cond-expr","locations":[{"start":{"line":35,"column":29},"end":{"line":35,"column":140}},{"start":{"line":35,"column":144},"end":{"line":35,"column":148}}],"line":35},"9":{"loc":{"start":{"line":35,"column":29},"end":{"line":35,"column":140}},"type":"cond-expr","locations":[{"start":{"line":35,"column":53},"end":{"line":35,"column":80}},{"start":{"line":35,"column":83},"end":{"line":35,"column":140}}],"line":35},"10":{"loc":{"start":{"line":35,"column":101},"end":{"line":35,"column":129}},"type":"binary-expr","locations":[{"start":{"line":35,"column":101},"end":{"line":35,"column":113}},{"start":{"line":35,"column":117},"end":{"line":35,"column":129}}],"line":35},"11":{"loc":{"start":{"line":36,"column":18},"end":{"line":36,"column":163}},"type":"cond-expr","locations":[{"start":{"line":36,"column":35},"end":{"line":36,"column":155}},{"start":{"line":36,"column":159},"end":{"line":36,"column":163}}],"line":36},"12":{"loc":{"start":{"line":36,"column":35},"end":{"line":36,"column":155}},"type":"cond-expr","locations":[{"start":{"line":36,"column":62},"end":{"line":36,"column":92}},{"start":{"line":36,"column":95},"end":{"line":36,"column":155}}],"line":36},"13":{"loc":{"start":{"line":36,"column":116},"end":{"line":36,"column":144}},"type":"binary-expr","locations":[{"start":{"line":36,"column":116},"end":{"line":36,"column":128}},{"start":{"line":36,"column":132},"end":{"line":36,"column":144}}],"line":36},"14":{"loc":{"start":{"line":37,"column":18},"end":{"line":37,"column":163}},"type":"cond-expr","locations":[{"start":{"line":37,"column":35},"end":{"line":37,"column":155}},{"start":{"line":37,"column":159},"end":{"line":37,"column":163}}],"line":37},"15":{"loc":{"start":{"line":37,"column":35},"end":{"line":37,"column":155}},"type":"cond-expr","locations":[{"start":{"line":37,"column":62},"end":{"line":37,"column":92}},{"start":{"line":37,"column":95},"end":{"line":37,"column":155}}],"line":37},"16":{"loc":{"start":{"line":37,"column":116},"end":{"line":37,"column":144}},"type":"binary-expr","locations":[{"start":{"line":37,"column":116},"end":{"line":37,"column":128}},{"start":{"line":37,"column":132},"end":{"line":37,"column":144}}],"line":37},"17":{"loc":{"start":{"line":39,"column":33},"end":{"line":39,"column":102}},"type":"binary-expr","locations":[{"start":{"line":39,"column":33},"end":{"line":39,"column":54}},{"start":{"line":39,"column":58},"end":{"line":39,"column":102}}],"line":39},"18":{"loc":{"start":{"line":39,"column":73},"end":{"line":39,"column":101}},"type":"binary-expr","locations":[{"start":{"line":39,"column":73},"end":{"line":39,"column":85}},{"start":{"line":39,"column":89},"end":{"line":39,"column":101}}],"line":39},"19":{"loc":{"start":{"line":39,"column":104},"end":{"line":39,"column":132}},"type":"binary-expr","locations":[{"start":{"line":39,"column":104},"end":{"line":39,"column":116}},{"start":{"line":39,"column":120},"end":{"line":39,"column":132}}],"line":39},"20":{"loc":{"start":{"line":44,"column":29},"end":{"line":44,"column":200}},"type":"binary-expr","locations":[{"start":{"line":44,"column":29},"end":{"line":44,"column":44}},{"start":{"line":44,"column":48},"end":{"line":44,"column":115}},{"start":{"line":44,"column":119},"end":{"line":44,"column":150}},{"start":{"line":44,"column":154},"end":{"line":44,"column":200}}],"line":44},"21":{"loc":{"start":{"line":45,"column":28},"end":{"line":45,"column":211}},"type":"binary-expr","locations":[{"start":{"line":45,"column":28},"end":{"line":45,"column":46}},{"start":{"line":45,"column":50},"end":{"line":45,"column":120}},{"start":{"line":45,"column":124},"end":{"line":45,"column":158}},{"start":{"line":45,"column":162},"end":{"line":45,"column":211}}],"line":45},"22":{"loc":{"start":{"line":46,"column":28},"end":{"line":46,"column":211}},"type":"binary-expr","locations":[{"start":{"line":46,"column":28},"end":{"line":46,"column":46}},{"start":{"line":46,"column":50},"end":{"line":46,"column":120}},{"start":{"line":46,"column":124},"end":{"line":46,"column":158}},{"start":{"line":46,"column":162},"end":{"line":46,"column":211}}],"line":46},"23":{"loc":{"start":{"line":54,"column":24},"end":{"line":54,"column":87}},"type":"binary-expr","locations":[{"start":{"line":54,"column":24},"end":{"line":54,"column":45}},{"start":{"line":54,"column":49},"end":{"line":54,"column":87}}],"line":54},"24":{"loc":{"start":{"line":54,"column":64},"end":{"line":54,"column":86}},"type":"binary-expr","locations":[{"start":{"line":54,"column":64},"end":{"line":54,"column":70}},{"start":{"line":54,"column":74},"end":{"line":54,"column":86}}],"line":54},"25":{"loc":{"start":{"line":54,"column":89},"end":{"line":54,"column":111}},"type":"binary-expr","locations":[{"start":{"line":54,"column":89},"end":{"line":54,"column":95}},{"start":{"line":54,"column":99},"end":{"line":54,"column":111}}],"line":54},"26":{"loc":{"start":{"line":55,"column":21},"end":{"line":55,"column":98}},"type":"cond-expr","locations":[{"start":{"line":55,"column":43},"end":{"line":55,"column":57}},{"start":{"line":55,"column":60},"end":{"line":55,"column":98}}],"line":55},"27":{"loc":{"start":{"line":55,"column":75},"end":{"line":55,"column":97}},"type":"binary-expr","locations":[{"start":{"line":55,"column":75},"end":{"line":55,"column":81}},{"start":{"line":55,"column":85},"end":{"line":55,"column":97}}],"line":55},"28":{"loc":{"start":{"line":56,"column":21},"end":{"line":56,"column":98}},"type":"cond-expr","locations":[{"start":{"line":56,"column":43},"end":{"line":56,"column":57}},{"start":{"line":56,"column":60},"end":{"line":56,"column":98}}],"line":56},"29":{"loc":{"start":{"line":56,"column":75},"end":{"line":56,"column":97}},"type":"binary-expr","locations":[{"start":{"line":56,"column":75},"end":{"line":56,"column":81}},{"start":{"line":56,"column":85},"end":{"line":56,"column":97}}],"line":56},"30":{"loc":{"start":{"line":59,"column":4},"end":{"line":63,"column":5}},"type":"if","locations":[{"start":{"line":59,"column":4},"end":{"line":63,"column":5}},{"start":{"line":61,"column":11},"end":{"line":63,"column":5}}],"line":59},"31":{"loc":{"start":{"line":59,"column":8},"end":{"line":59,"column":85}},"type":"binary-expr","locations":[{"start":{"line":59,"column":8},"end":{"line":59,"column":23}},{"start":{"line":59,"column":27},"end":{"line":59,"column":49}},{"start":{"line":59,"column":53},"end":{"line":59,"column":85}}],"line":59},"32":{"loc":{"start":{"line":60,"column":43},"end":{"line":60,"column":65}},"type":"binary-expr","locations":[{"start":{"line":60,"column":43},"end":{"line":60,"column":49}},{"start":{"line":60,"column":53},"end":{"line":60,"column":65}}],"line":60},"33":{"loc":{"start":{"line":62,"column":20},"end":{"line":62,"column":402}},"type":"cond-expr","locations":[{"start":{"line":62,"column":192},"end":{"line":62,"column":197}},{"start":{"line":62,"column":200},"end":{"line":62,"column":402}}],"line":62},"34":{"loc":{"start":{"line":62,"column":36},"end":{"line":62,"column":116}},"type":"cond-expr","locations":[{"start":{"line":62,"column":46},"end":{"line":62,"column":81}},{"start":{"line":62,"column":84},"end":{"line":62,"column":116}}],"line":62},"35":{"loc":{"start":{"line":62,"column":118},"end":{"line":62,"column":188}},"type":"cond-expr","locations":[{"start":{"line":62,"column":128},"end":{"line":62,"column":158}},{"start":{"line":62,"column":161},"end":{"line":62,"column":188}}],"line":62},"36":{"loc":{"start":{"line":62,"column":200},"end":{"line":62,"column":402}},"type":"cond-expr","locations":[{"start":{"line":62,"column":243},"end":{"line":62,"column":248}},{"start":{"line":62,"column":251},"end":{"line":62,"column":402}}],"line":62},"37":{"loc":{"start":{"line":62,"column":200},"end":{"line":62,"column":240}},"type":"binary-expr","locations":[{"start":{"line":62,"column":200},"end":{"line":62,"column":207}},{"start":{"line":62,"column":211},"end":{"line":62,"column":240}}],"line":62},"38":{"loc":{"start":{"line":62,"column":251},"end":{"line":62,"column":402}},"type":"cond-expr","locations":[{"start":{"line":62,"column":295},"end":{"line":62,"column":303}},{"start":{"line":62,"column":306},"end":{"line":62,"column":402}}],"line":62},"39":{"loc":{"start":{"line":62,"column":251},"end":{"line":62,"column":292}},"type":"binary-expr","locations":[{"start":{"line":62,"column":251},"end":{"line":62,"column":258}},{"start":{"line":62,"column":262},"end":{"line":62,"column":292}}],"line":62},"40":{"loc":{"start":{"line":62,"column":306},"end":{"line":62,"column":402}},"type":"cond-expr","locations":[{"start":{"line":62,"column":316},"end":{"line":62,"column":351}},{"start":{"line":62,"column":354},"end":{"line":62,"column":402}}],"line":62},"41":{"loc":{"start":{"line":62,"column":354},"end":{"line":62,"column":402}},"type":"cond-expr","locations":[{"start":{"line":62,"column":364},"end":{"line":62,"column":394}},{"start":{"line":62,"column":397},"end":{"line":62,"column":402}}],"line":62},"42":{"loc":{"start":{"line":66,"column":23},"end":{"line":66,"column":90}},"type":"binary-expr","locations":[{"start":{"line":66,"column":23},"end":{"line":66,"column":44}},{"start":{"line":66,"column":48},"end":{"line":66,"column":90}}],"line":66},"43":{"loc":{"start":{"line":66,"column":67},"end":{"line":66,"column":89}},"type":"binary-expr","locations":[{"start":{"line":66,"column":67},"end":{"line":66,"column":73}},{"start":{"line":66,"column":77},"end":{"line":66,"column":89}}],"line":66},"44":{"loc":{"start":{"line":66,"column":92},"end":{"line":66,"column":114}},"type":"binary-expr","locations":[{"start":{"line":66,"column":92},"end":{"line":66,"column":98}},{"start":{"line":66,"column":102},"end":{"line":66,"column":114}}],"line":66},"45":{"loc":{"start":{"line":69,"column":35},"end":{"line":69,"column":57}},"type":"binary-expr","locations":[{"start":{"line":69,"column":35},"end":{"line":69,"column":41}},{"start":{"line":69,"column":45},"end":{"line":69,"column":57}}],"line":69},"46":{"loc":{"start":{"line":76,"column":6},"end":{"line":78,"column":7}},"type":"if","locations":[{"start":{"line":76,"column":6},"end":{"line":78,"column":7}},{"start":{},"end":{}}],"line":76},"47":{"loc":{"start":{"line":87,"column":24},"end":{"line":87,"column":87}},"type":"binary-expr","locations":[{"start":{"line":87,"column":24},"end":{"line":87,"column":45}},{"start":{"line":87,"column":49},"end":{"line":87,"column":87}}],"line":87},"48":{"loc":{"start":{"line":87,"column":64},"end":{"line":87,"column":86}},"type":"binary-expr","locations":[{"start":{"line":87,"column":64},"end":{"line":87,"column":70}},{"start":{"line":87,"column":74},"end":{"line":87,"column":86}}],"line":87},"49":{"loc":{"start":{"line":87,"column":89},"end":{"line":87,"column":111}},"type":"binary-expr","locations":[{"start":{"line":87,"column":89},"end":{"line":87,"column":95}},{"start":{"line":87,"column":99},"end":{"line":87,"column":111}}],"line":87},"50":{"loc":{"start":{"line":88,"column":21},"end":{"line":88,"column":98}},"type":"cond-expr","locations":[{"start":{"line":88,"column":43},"end":{"line":88,"column":57}},{"start":{"line":88,"column":60},"end":{"line":88,"column":98}}],"line":88},"51":{"loc":{"start":{"line":88,"column":75},"end":{"line":88,"column":97}},"type":"binary-expr","locations":[{"start":{"line":88,"column":75},"end":{"line":88,"column":81}},{"start":{"line":88,"column":85},"end":{"line":88,"column":97}}],"line":88},"52":{"loc":{"start":{"line":89,"column":21},"end":{"line":89,"column":98}},"type":"cond-expr","locations":[{"start":{"line":89,"column":43},"end":{"line":89,"column":57}},{"start":{"line":89,"column":60},"end":{"line":89,"column":98}}],"line":89},"53":{"loc":{"start":{"line":89,"column":75},"end":{"line":89,"column":97}},"type":"binary-expr","locations":[{"start":{"line":89,"column":75},"end":{"line":89,"column":81}},{"start":{"line":89,"column":85},"end":{"line":89,"column":97}}],"line":89},"54":{"loc":{"start":{"line":92,"column":4},"end":{"line":96,"column":5}},"type":"if","locations":[{"start":{"line":92,"column":4},"end":{"line":96,"column":5}},{"start":{"line":94,"column":11},"end":{"line":96,"column":5}}],"line":92},"55":{"loc":{"start":{"line":92,"column":8},"end":{"line":92,"column":85}},"type":"binary-expr","locations":[{"start":{"line":92,"column":8},"end":{"line":92,"column":23}},{"start":{"line":92,"column":27},"end":{"line":92,"column":49}},{"start":{"line":92,"column":53},"end":{"line":92,"column":85}}],"line":92},"56":{"loc":{"start":{"line":93,"column":43},"end":{"line":93,"column":65}},"type":"binary-expr","locations":[{"start":{"line":93,"column":43},"end":{"line":93,"column":49}},{"start":{"line":93,"column":53},"end":{"line":93,"column":65}}],"line":93},"57":{"loc":{"start":{"line":95,"column":20},"end":{"line":95,"column":402}},"type":"cond-expr","locations":[{"start":{"line":95,"column":192},"end":{"line":95,"column":197}},{"start":{"line":95,"column":200},"end":{"line":95,"column":402}}],"line":95},"58":{"loc":{"start":{"line":95,"column":36},"end":{"line":95,"column":116}},"type":"cond-expr","locations":[{"start":{"line":95,"column":46},"end":{"line":95,"column":81}},{"start":{"line":95,"column":84},"end":{"line":95,"column":116}}],"line":95},"59":{"loc":{"start":{"line":95,"column":118},"end":{"line":95,"column":188}},"type":"cond-expr","locations":[{"start":{"line":95,"column":128},"end":{"line":95,"column":158}},{"start":{"line":95,"column":161},"end":{"line":95,"column":188}}],"line":95},"60":{"loc":{"start":{"line":95,"column":200},"end":{"line":95,"column":402}},"type":"cond-expr","locations":[{"start":{"line":95,"column":243},"end":{"line":95,"column":248}},{"start":{"line":95,"column":251},"end":{"line":95,"column":402}}],"line":95},"61":{"loc":{"start":{"line":95,"column":200},"end":{"line":95,"column":240}},"type":"binary-expr","locations":[{"start":{"line":95,"column":200},"end":{"line":95,"column":207}},{"start":{"line":95,"column":211},"end":{"line":95,"column":240}}],"line":95},"62":{"loc":{"start":{"line":95,"column":251},"end":{"line":95,"column":402}},"type":"cond-expr","locations":[{"start":{"line":95,"column":295},"end":{"line":95,"column":303}},{"start":{"line":95,"column":306},"end":{"line":95,"column":402}}],"line":95},"63":{"loc":{"start":{"line":95,"column":251},"end":{"line":95,"column":292}},"type":"binary-expr","locations":[{"start":{"line":95,"column":251},"end":{"line":95,"column":258}},{"start":{"line":95,"column":262},"end":{"line":95,"column":292}}],"line":95},"64":{"loc":{"start":{"line":95,"column":306},"end":{"line":95,"column":402}},"type":"cond-expr","locations":[{"start":{"line":95,"column":316},"end":{"line":95,"column":351}},{"start":{"line":95,"column":354},"end":{"line":95,"column":402}}],"line":95},"65":{"loc":{"start":{"line":95,"column":354},"end":{"line":95,"column":402}},"type":"cond-expr","locations":[{"start":{"line":95,"column":364},"end":{"line":95,"column":394}},{"start":{"line":95,"column":397},"end":{"line":95,"column":402}}],"line":95},"66":{"loc":{"start":{"line":100,"column":23},"end":{"line":100,"column":48}},"type":"binary-expr","locations":[{"start":{"line":100,"column":23},"end":{"line":100,"column":33}},{"start":{"line":100,"column":37},"end":{"line":100,"column":48}}],"line":100},"67":{"loc":{"start":{"line":100,"column":50},"end":{"line":100,"column":72}},"type":"binary-expr","locations":[{"start":{"line":100,"column":50},"end":{"line":100,"column":56}},{"start":{"line":100,"column":60},"end":{"line":100,"column":72}}],"line":100},"68":{"loc":{"start":{"line":101,"column":20},"end":{"line":101,"column":116}},"type":"cond-expr","locations":[{"start":{"line":101,"column":31},"end":{"line":101,"column":108}},{"start":{"line":101,"column":112},"end":{"line":101,"column":116}}],"line":101},"69":{"loc":{"start":{"line":101,"column":31},"end":{"line":101,"column":108}},"type":"cond-expr","locations":[{"start":{"line":101,"column":53},"end":{"line":101,"column":67}},{"start":{"line":101,"column":70},"end":{"line":101,"column":108}}],"line":101},"70":{"loc":{"start":{"line":101,"column":85},"end":{"line":101,"column":107}},"type":"binary-expr","locations":[{"start":{"line":101,"column":85},"end":{"line":101,"column":91}},{"start":{"line":101,"column":95},"end":{"line":101,"column":107}}],"line":101},"71":{"loc":{"start":{"line":102,"column":22},"end":{"line":102,"column":118}},"type":"cond-expr","locations":[{"start":{"line":102,"column":33},"end":{"line":102,"column":110}},{"start":{"line":102,"column":114},"end":{"line":102,"column":118}}],"line":102},"72":{"loc":{"start":{"line":102,"column":33},"end":{"line":102,"column":110}},"type":"cond-expr","locations":[{"start":{"line":102,"column":55},"end":{"line":102,"column":69}},{"start":{"line":102,"column":72},"end":{"line":102,"column":110}}],"line":102},"73":{"loc":{"start":{"line":102,"column":87},"end":{"line":102,"column":109}},"type":"binary-expr","locations":[{"start":{"line":102,"column":87},"end":{"line":102,"column":93}},{"start":{"line":102,"column":97},"end":{"line":102,"column":109}}],"line":102},"74":{"loc":{"start":{"line":103,"column":4},"end":{"line":111,"column":5}},"type":"if","locations":[{"start":{"line":103,"column":4},"end":{"line":111,"column":5}},{"start":{},"end":{}}],"line":103},"75":{"loc":{"start":{"line":103,"column":8},"end":{"line":103,"column":83}},"type":"binary-expr","locations":[{"start":{"line":103,"column":9},"end":{"line":103,"column":16}},{"start":{"line":103,"column":20},"end":{"line":103,"column":41}},{"start":{"line":103,"column":47},"end":{"line":103,"column":54}},{"start":{"line":103,"column":58},"end":{"line":103,"column":82}}],"line":103},"76":{"loc":{"start":{"line":104,"column":6},"end":{"line":110,"column":7}},"type":"if","locations":[{"start":{"line":104,"column":6},"end":{"line":110,"column":7}},{"start":{"line":106,"column":13},"end":{"line":110,"column":7}}],"line":104},"77":{"loc":{"start":{"line":104,"column":10},"end":{"line":104,"column":136}},"type":"binary-expr","locations":[{"start":{"line":104,"column":11},"end":{"line":104,"column":18}},{"start":{"line":104,"column":22},"end":{"line":104,"column":43}},{"start":{"line":104,"column":48},"end":{"line":104,"column":89}},{"start":{"line":104,"column":93},"end":{"line":104,"column":136}}],"line":104},"78":{"loc":{"start":{"line":106,"column":13},"end":{"line":110,"column":7}},"type":"if","locations":[{"start":{"line":106,"column":13},"end":{"line":110,"column":7}},{"start":{"line":108,"column":13},"end":{"line":110,"column":7}}],"line":106},"79":{"loc":{"start":{"line":106,"column":17},"end":{"line":106,"column":146}},"type":"binary-expr","locations":[{"start":{"line":106,"column":18},"end":{"line":106,"column":25}},{"start":{"line":106,"column":29},"end":{"line":106,"column":53}},{"start":{"line":106,"column":58},"end":{"line":106,"column":99}},{"start":{"line":106,"column":103},"end":{"line":106,"column":146}}],"line":106},"80":{"loc":{"start":{"line":114,"column":36},"end":{"line":114,"column":58}},"type":"binary-expr","locations":[{"start":{"line":114,"column":36},"end":{"line":114,"column":42}},{"start":{"line":114,"column":46},"end":{"line":114,"column":58}}],"line":114},"81":{"loc":{"start":{"line":115,"column":4},"end":{"line":121,"column":5}},"type":"if","locations":[{"start":{"line":115,"column":4},"end":{"line":121,"column":5}},{"start":{"line":117,"column":11},"end":{"line":121,"column":5}}],"line":115},"82":{"loc":{"start":{"line":116,"column":51},"end":{"line":116,"column":73}},"type":"binary-expr","locations":[{"start":{"line":116,"column":51},"end":{"line":116,"column":57}},{"start":{"line":116,"column":61},"end":{"line":116,"column":73}}],"line":116},"83":{"loc":{"start":{"line":117,"column":11},"end":{"line":121,"column":5}},"type":"if","locations":[{"start":{"line":117,"column":11},"end":{"line":121,"column":5}},{"start":{"line":119,"column":11},"end":{"line":121,"column":5}}],"line":117},"84":{"loc":{"start":{"line":118,"column":49},"end":{"line":118,"column":71}},"type":"binary-expr","locations":[{"start":{"line":118,"column":49},"end":{"line":118,"column":55}},{"start":{"line":118,"column":59},"end":{"line":118,"column":71}}],"line":118},"85":{"loc":{"start":{"line":120,"column":34},"end":{"line":120,"column":56}},"type":"binary-expr","locations":[{"start":{"line":120,"column":34},"end":{"line":120,"column":40}},{"start":{"line":120,"column":44},"end":{"line":120,"column":56}}],"line":120},"86":{"loc":{"start":{"line":134,"column":24},"end":{"line":134,"column":87}},"type":"binary-expr","locations":[{"start":{"line":134,"column":24},"end":{"line":134,"column":45}},{"start":{"line":134,"column":49},"end":{"line":134,"column":87}}],"line":134},"87":{"loc":{"start":{"line":134,"column":64},"end":{"line":134,"column":86}},"type":"binary-expr","locations":[{"start":{"line":134,"column":64},"end":{"line":134,"column":70}},{"start":{"line":134,"column":74},"end":{"line":134,"column":86}}],"line":134},"88":{"loc":{"start":{"line":134,"column":89},"end":{"line":134,"column":111}},"type":"binary-expr","locations":[{"start":{"line":134,"column":89},"end":{"line":134,"column":95}},{"start":{"line":134,"column":99},"end":{"line":134,"column":111}}],"line":134},"89":{"loc":{"start":{"line":135,"column":21},"end":{"line":135,"column":98}},"type":"cond-expr","locations":[{"start":{"line":135,"column":43},"end":{"line":135,"column":57}},{"start":{"line":135,"column":60},"end":{"line":135,"column":98}}],"line":135},"90":{"loc":{"start":{"line":135,"column":75},"end":{"line":135,"column":97}},"type":"binary-expr","locations":[{"start":{"line":135,"column":75},"end":{"line":135,"column":81}},{"start":{"line":135,"column":85},"end":{"line":135,"column":97}}],"line":135},"91":{"loc":{"start":{"line":136,"column":21},"end":{"line":136,"column":98}},"type":"cond-expr","locations":[{"start":{"line":136,"column":43},"end":{"line":136,"column":57}},{"start":{"line":136,"column":60},"end":{"line":136,"column":98}}],"line":136},"92":{"loc":{"start":{"line":136,"column":75},"end":{"line":136,"column":97}},"type":"binary-expr","locations":[{"start":{"line":136,"column":75},"end":{"line":136,"column":81}},{"start":{"line":136,"column":85},"end":{"line":136,"column":97}}],"line":136},"93":{"loc":{"start":{"line":139,"column":4},"end":{"line":143,"column":5}},"type":"if","locations":[{"start":{"line":139,"column":4},"end":{"line":143,"column":5}},{"start":{"line":141,"column":11},"end":{"line":143,"column":5}}],"line":139},"94":{"loc":{"start":{"line":139,"column":8},"end":{"line":139,"column":85}},"type":"binary-expr","locations":[{"start":{"line":139,"column":8},"end":{"line":139,"column":23}},{"start":{"line":139,"column":27},"end":{"line":139,"column":49}},{"start":{"line":139,"column":53},"end":{"line":139,"column":85}}],"line":139},"95":{"loc":{"start":{"line":140,"column":43},"end":{"line":140,"column":65}},"type":"binary-expr","locations":[{"start":{"line":140,"column":43},"end":{"line":140,"column":49}},{"start":{"line":140,"column":53},"end":{"line":140,"column":65}}],"line":140},"96":{"loc":{"start":{"line":142,"column":20},"end":{"line":142,"column":402}},"type":"cond-expr","locations":[{"start":{"line":142,"column":192},"end":{"line":142,"column":197}},{"start":{"line":142,"column":200},"end":{"line":142,"column":402}}],"line":142},"97":{"loc":{"start":{"line":142,"column":36},"end":{"line":142,"column":116}},"type":"cond-expr","locations":[{"start":{"line":142,"column":46},"end":{"line":142,"column":81}},{"start":{"line":142,"column":84},"end":{"line":142,"column":116}}],"line":142},"98":{"loc":{"start":{"line":142,"column":118},"end":{"line":142,"column":188}},"type":"cond-expr","locations":[{"start":{"line":142,"column":128},"end":{"line":142,"column":158}},{"start":{"line":142,"column":161},"end":{"line":142,"column":188}}],"line":142},"99":{"loc":{"start":{"line":142,"column":200},"end":{"line":142,"column":402}},"type":"cond-expr","locations":[{"start":{"line":142,"column":243},"end":{"line":142,"column":248}},{"start":{"line":142,"column":251},"end":{"line":142,"column":402}}],"line":142},"100":{"loc":{"start":{"line":142,"column":200},"end":{"line":142,"column":240}},"type":"binary-expr","locations":[{"start":{"line":142,"column":200},"end":{"line":142,"column":207}},{"start":{"line":142,"column":211},"end":{"line":142,"column":240}}],"line":142},"101":{"loc":{"start":{"line":142,"column":251},"end":{"line":142,"column":402}},"type":"cond-expr","locations":[{"start":{"line":142,"column":295},"end":{"line":142,"column":303}},{"start":{"line":142,"column":306},"end":{"line":142,"column":402}}],"line":142},"102":{"loc":{"start":{"line":142,"column":251},"end":{"line":142,"column":292}},"type":"binary-expr","locations":[{"start":{"line":142,"column":251},"end":{"line":142,"column":258}},{"start":{"line":142,"column":262},"end":{"line":142,"column":292}}],"line":142},"103":{"loc":{"start":{"line":142,"column":306},"end":{"line":142,"column":402}},"type":"cond-expr","locations":[{"start":{"line":142,"column":316},"end":{"line":142,"column":351}},{"start":{"line":142,"column":354},"end":{"line":142,"column":402}}],"line":142},"104":{"loc":{"start":{"line":142,"column":354},"end":{"line":142,"column":402}},"type":"cond-expr","locations":[{"start":{"line":142,"column":364},"end":{"line":142,"column":394}},{"start":{"line":142,"column":397},"end":{"line":142,"column":402}}],"line":142},"105":{"loc":{"start":{"line":146,"column":23},"end":{"line":146,"column":48}},"type":"binary-expr","locations":[{"start":{"line":146,"column":23},"end":{"line":146,"column":33}},{"start":{"line":146,"column":37},"end":{"line":146,"column":48}}],"line":146},"106":{"loc":{"start":{"line":146,"column":50},"end":{"line":146,"column":72}},"type":"binary-expr","locations":[{"start":{"line":146,"column":50},"end":{"line":146,"column":56}},{"start":{"line":146,"column":60},"end":{"line":146,"column":72}}],"line":146},"107":{"loc":{"start":{"line":147,"column":20},"end":{"line":147,"column":116}},"type":"cond-expr","locations":[{"start":{"line":147,"column":31},"end":{"line":147,"column":108}},{"start":{"line":147,"column":112},"end":{"line":147,"column":116}}],"line":147},"108":{"loc":{"start":{"line":147,"column":31},"end":{"line":147,"column":108}},"type":"cond-expr","locations":[{"start":{"line":147,"column":53},"end":{"line":147,"column":67}},{"start":{"line":147,"column":70},"end":{"line":147,"column":108}}],"line":147},"109":{"loc":{"start":{"line":147,"column":85},"end":{"line":147,"column":107}},"type":"binary-expr","locations":[{"start":{"line":147,"column":85},"end":{"line":147,"column":91}},{"start":{"line":147,"column":95},"end":{"line":147,"column":107}}],"line":147},"110":{"loc":{"start":{"line":148,"column":22},"end":{"line":148,"column":118}},"type":"cond-expr","locations":[{"start":{"line":148,"column":33},"end":{"line":148,"column":110}},{"start":{"line":148,"column":114},"end":{"line":148,"column":118}}],"line":148},"111":{"loc":{"start":{"line":148,"column":33},"end":{"line":148,"column":110}},"type":"cond-expr","locations":[{"start":{"line":148,"column":55},"end":{"line":148,"column":69}},{"start":{"line":148,"column":72},"end":{"line":148,"column":110}}],"line":148},"112":{"loc":{"start":{"line":148,"column":87},"end":{"line":148,"column":109}},"type":"binary-expr","locations":[{"start":{"line":148,"column":87},"end":{"line":148,"column":93}},{"start":{"line":148,"column":97},"end":{"line":148,"column":109}}],"line":148},"113":{"loc":{"start":{"line":149,"column":4},"end":{"line":157,"column":5}},"type":"if","locations":[{"start":{"line":149,"column":4},"end":{"line":157,"column":5}},{"start":{},"end":{}}],"line":149},"114":{"loc":{"start":{"line":149,"column":8},"end":{"line":149,"column":83}},"type":"binary-expr","locations":[{"start":{"line":149,"column":9},"end":{"line":149,"column":16}},{"start":{"line":149,"column":20},"end":{"line":149,"column":41}},{"start":{"line":149,"column":47},"end":{"line":149,"column":54}},{"start":{"line":149,"column":58},"end":{"line":149,"column":82}}],"line":149},"115":{"loc":{"start":{"line":150,"column":6},"end":{"line":156,"column":7}},"type":"if","locations":[{"start":{"line":150,"column":6},"end":{"line":156,"column":7}},{"start":{"line":152,"column":13},"end":{"line":156,"column":7}}],"line":150},"116":{"loc":{"start":{"line":150,"column":10},"end":{"line":150,"column":136}},"type":"binary-expr","locations":[{"start":{"line":150,"column":11},"end":{"line":150,"column":18}},{"start":{"line":150,"column":22},"end":{"line":150,"column":43}},{"start":{"line":150,"column":48},"end":{"line":150,"column":89}},{"start":{"line":150,"column":93},"end":{"line":150,"column":136}}],"line":150},"117":{"loc":{"start":{"line":152,"column":13},"end":{"line":156,"column":7}},"type":"if","locations":[{"start":{"line":152,"column":13},"end":{"line":156,"column":7}},{"start":{"line":154,"column":13},"end":{"line":156,"column":7}}],"line":152},"118":{"loc":{"start":{"line":152,"column":17},"end":{"line":152,"column":146}},"type":"binary-expr","locations":[{"start":{"line":152,"column":18},"end":{"line":152,"column":25}},{"start":{"line":152,"column":29},"end":{"line":152,"column":53}},{"start":{"line":152,"column":58},"end":{"line":152,"column":99}},{"start":{"line":152,"column":103},"end":{"line":152,"column":146}}],"line":152},"119":{"loc":{"start":{"line":160,"column":36},"end":{"line":160,"column":58}},"type":"binary-expr","locations":[{"start":{"line":160,"column":36},"end":{"line":160,"column":42}},{"start":{"line":160,"column":46},"end":{"line":160,"column":58}}],"line":160},"120":{"loc":{"start":{"line":161,"column":4},"end":{"line":167,"column":5}},"type":"if","locations":[{"start":{"line":161,"column":4},"end":{"line":167,"column":5}},{"start":{"line":163,"column":11},"end":{"line":167,"column":5}}],"line":161},"121":{"loc":{"start":{"line":162,"column":51},"end":{"line":162,"column":73}},"type":"binary-expr","locations":[{"start":{"line":162,"column":51},"end":{"line":162,"column":57}},{"start":{"line":162,"column":61},"end":{"line":162,"column":73}}],"line":162},"122":{"loc":{"start":{"line":163,"column":11},"end":{"line":167,"column":5}},"type":"if","locations":[{"start":{"line":163,"column":11},"end":{"line":167,"column":5}},{"start":{"line":165,"column":11},"end":{"line":167,"column":5}}],"line":163},"123":{"loc":{"start":{"line":164,"column":49},"end":{"line":164,"column":71}},"type":"binary-expr","locations":[{"start":{"line":164,"column":49},"end":{"line":164,"column":55}},{"start":{"line":164,"column":59},"end":{"line":164,"column":71}}],"line":164},"124":{"loc":{"start":{"line":166,"column":34},"end":{"line":166,"column":56}},"type":"binary-expr","locations":[{"start":{"line":166,"column":34},"end":{"line":166,"column":40}},{"start":{"line":166,"column":44},"end":{"line":166,"column":56}}],"line":166},"125":{"loc":{"start":{"line":179,"column":4},"end":{"line":187,"column":5}},"type":"if","locations":[{"start":{"line":179,"column":4},"end":{"line":187,"column":5}},{"start":{"line":182,"column":9},"end":{"line":187,"column":5}}],"line":179},"126":{"loc":{"start":{"line":182,"column":9},"end":{"line":187,"column":5}},"type":"if","locations":[{"start":{"line":182,"column":9},"end":{"line":187,"column":5}},{"start":{"line":185,"column":9},"end":{"line":187,"column":5}}],"line":182},"127":{"loc":{"start":{"line":193,"column":6},"end":{"line":195,"column":7}},"type":"if","locations":[{"start":{"line":193,"column":6},"end":{"line":195,"column":7}},{"start":{},"end":{}}],"line":193},"128":{"loc":{"start":{"line":202,"column":4},"end":{"line":207,"column":5}},"type":"if","locations":[{"start":{"line":202,"column":4},"end":{"line":207,"column":5}},{"start":{"line":205,"column":9},"end":{"line":207,"column":5}}],"line":202},"129":{"loc":{"start":{"line":202,"column":8},"end":{"line":202,"column":23}},"type":"binary-expr","locations":[{"start":{"line":202,"column":8},"end":{"line":202,"column":12}},{"start":{"line":202,"column":16},"end":{"line":202,"column":23}}],"line":202},"130":{"loc":{"start":{"line":205,"column":9},"end":{"line":207,"column":5}},"type":"if","locations":[{"start":{"line":205,"column":9},"end":{"line":207,"column":5}},{"start":{},"end":{}}],"line":205},"131":{"loc":{"start":{"line":205,"column":13},"end":{"line":205,"column":28}},"type":"binary-expr","locations":[{"start":{"line":205,"column":13},"end":{"line":205,"column":18}},{"start":{"line":205,"column":22},"end":{"line":205,"column":28}}],"line":205},"132":{"loc":{"start":{"line":209,"column":23},"end":{"line":209,"column":200}},"type":"cond-expr","locations":[{"start":{"line":209,"column":31},"end":{"line":209,"column":175}},{"start":{"line":209,"column":179},"end":{"line":209,"column":200}}],"line":209},"133":{"loc":{"start":{"line":209,"column":31},"end":{"line":209,"column":175}},"type":"cond-expr","locations":[{"start":{"line":209,"column":39},"end":{"line":209,"column":169}},{"start":{"line":209,"column":173},"end":{"line":209,"column":175}}],"line":209},"134":{"loc":{"start":{"line":209,"column":39},"end":{"line":209,"column":169}},"type":"cond-expr","locations":[{"start":{"line":209,"column":58},"end":{"line":209,"column":100}},{"start":{"line":209,"column":103},"end":{"line":209,"column":169}}],"line":209},"135":{"loc":{"start":{"line":209,"column":77},"end":{"line":209,"column":99}},"type":"binary-expr","locations":[{"start":{"line":209,"column":77},"end":{"line":209,"column":83}},{"start":{"line":209,"column":87},"end":{"line":209,"column":99}}],"line":209},"136":{"loc":{"start":{"line":209,"column":115},"end":{"line":209,"column":137}},"type":"binary-expr","locations":[{"start":{"line":209,"column":115},"end":{"line":209,"column":121}},{"start":{"line":209,"column":125},"end":{"line":209,"column":137}}],"line":209},"137":{"loc":{"start":{"line":209,"column":146},"end":{"line":209,"column":168}},"type":"binary-expr","locations":[{"start":{"line":209,"column":146},"end":{"line":209,"column":152}},{"start":{"line":209,"column":156},"end":{"line":209,"column":168}}],"line":209},"138":{"loc":{"start":{"line":213,"column":18},"end":{"line":213,"column":55}},"type":"cond-expr","locations":[{"start":{"line":213,"column":25},"end":{"line":213,"column":31}},{"start":{"line":213,"column":34},"end":{"line":213,"column":55}}],"line":213},"139":{"loc":{"start":{"line":216,"column":15},"end":{"line":216,"column":133}},"type":"cond-expr","locations":[{"start":{"line":216,"column":23},"end":{"line":216,"column":111}},{"start":{"line":216,"column":115},"end":{"line":216,"column":133}}],"line":216},"140":{"loc":{"start":{"line":216,"column":23},"end":{"line":216,"column":111}},"type":"cond-expr","locations":[{"start":{"line":216,"column":42},"end":{"line":216,"column":63}},{"start":{"line":216,"column":66},"end":{"line":216,"column":111}}],"line":216},"141":{"loc":{"start":{"line":216,"column":78},"end":{"line":216,"column":100}},"type":"binary-expr","locations":[{"start":{"line":216,"column":78},"end":{"line":216,"column":84}},{"start":{"line":216,"column":88},"end":{"line":216,"column":100}}],"line":216},"142":{"loc":{"start":{"line":229,"column":34},"end":{"line":229,"column":56}},"type":"binary-expr","locations":[{"start":{"line":229,"column":34},"end":{"line":229,"column":40}},{"start":{"line":229,"column":44},"end":{"line":229,"column":56}}],"line":229},"143":{"loc":{"start":{"line":230,"column":21},"end":{"line":230,"column":98}},"type":"cond-expr","locations":[{"start":{"line":230,"column":43},"end":{"line":230,"column":57}},{"start":{"line":230,"column":60},"end":{"line":230,"column":98}}],"line":230},"144":{"loc":{"start":{"line":230,"column":75},"end":{"line":230,"column":97}},"type":"binary-expr","locations":[{"start":{"line":230,"column":75},"end":{"line":230,"column":81}},{"start":{"line":230,"column":85},"end":{"line":230,"column":97}}],"line":230},"145":{"loc":{"start":{"line":231,"column":21},"end":{"line":231,"column":98}},"type":"cond-expr","locations":[{"start":{"line":231,"column":43},"end":{"line":231,"column":57}},{"start":{"line":231,"column":60},"end":{"line":231,"column":98}}],"line":231},"146":{"loc":{"start":{"line":231,"column":75},"end":{"line":231,"column":97}},"type":"binary-expr","locations":[{"start":{"line":231,"column":75},"end":{"line":231,"column":81}},{"start":{"line":231,"column":85},"end":{"line":231,"column":97}}],"line":231},"147":{"loc":{"start":{"line":232,"column":4},"end":{"line":239,"column":5}},"type":"if","locations":[{"start":{"line":232,"column":4},"end":{"line":239,"column":5}},{"start":{},"end":{}}],"line":232},"148":{"loc":{"start":{"line":232,"column":8},"end":{"line":232,"column":196}},"type":"binary-expr","locations":[{"start":{"line":232,"column":8},"end":{"line":232,"column":23}},{"start":{"line":232,"column":27},"end":{"line":232,"column":196}}],"line":232},"149":{"loc":{"start":{"line":232,"column":43},"end":{"line":232,"column":123}},"type":"cond-expr","locations":[{"start":{"line":232,"column":53},"end":{"line":232,"column":88}},{"start":{"line":232,"column":91},"end":{"line":232,"column":123}}],"line":232},"150":{"loc":{"start":{"line":232,"column":125},"end":{"line":232,"column":195}},"type":"cond-expr","locations":[{"start":{"line":232,"column":135},"end":{"line":232,"column":165}},{"start":{"line":232,"column":168},"end":{"line":232,"column":195}}],"line":232},"151":{"loc":{"start":{"line":233,"column":35},"end":{"line":233,"column":57}},"type":"binary-expr","locations":[{"start":{"line":233,"column":35},"end":{"line":233,"column":41}},{"start":{"line":233,"column":45},"end":{"line":233,"column":57}}],"line":233},"152":{"loc":{"start":{"line":233,"column":66},"end":{"line":233,"column":88}},"type":"binary-expr","locations":[{"start":{"line":233,"column":66},"end":{"line":233,"column":72}},{"start":{"line":233,"column":76},"end":{"line":233,"column":88}}],"line":233},"153":{"loc":{"start":{"line":234,"column":35},"end":{"line":234,"column":57}},"type":"binary-expr","locations":[{"start":{"line":234,"column":35},"end":{"line":234,"column":41}},{"start":{"line":234,"column":45},"end":{"line":234,"column":57}}],"line":234},"154":{"loc":{"start":{"line":247,"column":24},"end":{"line":247,"column":106}},"type":"cond-expr","locations":[{"start":{"line":247,"column":32},"end":{"line":247,"column":100}},{"start":{"line":247,"column":104},"end":{"line":247,"column":106}}],"line":247},"155":{"loc":{"start":{"line":247,"column":32},"end":{"line":247,"column":100}},"type":"cond-expr","locations":[{"start":{"line":247,"column":51},"end":{"line":247,"column":62}},{"start":{"line":247,"column":65},"end":{"line":247,"column":100}}],"line":247},"156":{"loc":{"start":{"line":247,"column":77},"end":{"line":247,"column":99}},"type":"binary-expr","locations":[{"start":{"line":247,"column":77},"end":{"line":247,"column":83}},{"start":{"line":247,"column":87},"end":{"line":247,"column":99}}],"line":247},"157":{"loc":{"start":{"line":248,"column":22},"end":{"line":248,"column":118}},"type":"cond-expr","locations":[{"start":{"line":248,"column":33},"end":{"line":248,"column":110}},{"start":{"line":248,"column":114},"end":{"line":248,"column":118}}],"line":248},"158":{"loc":{"start":{"line":248,"column":33},"end":{"line":248,"column":110}},"type":"cond-expr","locations":[{"start":{"line":248,"column":55},"end":{"line":248,"column":69}},{"start":{"line":248,"column":72},"end":{"line":248,"column":110}}],"line":248},"159":{"loc":{"start":{"line":248,"column":87},"end":{"line":248,"column":109}},"type":"binary-expr","locations":[{"start":{"line":248,"column":87},"end":{"line":248,"column":93}},{"start":{"line":248,"column":97},"end":{"line":248,"column":109}}],"line":248},"160":{"loc":{"start":{"line":249,"column":20},"end":{"line":249,"column":116}},"type":"cond-expr","locations":[{"start":{"line":249,"column":31},"end":{"line":249,"column":108}},{"start":{"line":249,"column":112},"end":{"line":249,"column":116}}],"line":249},"161":{"loc":{"start":{"line":249,"column":31},"end":{"line":249,"column":108}},"type":"cond-expr","locations":[{"start":{"line":249,"column":53},"end":{"line":249,"column":67}},{"start":{"line":249,"column":70},"end":{"line":249,"column":108}}],"line":249},"162":{"loc":{"start":{"line":249,"column":85},"end":{"line":249,"column":107}},"type":"binary-expr","locations":[{"start":{"line":249,"column":85},"end":{"line":249,"column":91}},{"start":{"line":249,"column":95},"end":{"line":249,"column":107}}],"line":249},"163":{"loc":{"start":{"line":250,"column":4},"end":{"line":267,"column":5}},"type":"if","locations":[{"start":{"line":250,"column":4},"end":{"line":267,"column":5}},{"start":{"line":253,"column":9},"end":{"line":267,"column":5}}],"line":250},"164":{"loc":{"start":{"line":250,"column":8},"end":{"line":250,"column":46}},"type":"binary-expr","locations":[{"start":{"line":250,"column":8},"end":{"line":250,"column":16}},{"start":{"line":250,"column":20},"end":{"line":250,"column":31}},{"start":{"line":250,"column":35},"end":{"line":250,"column":46}}],"line":250},"165":{"loc":{"start":{"line":253,"column":9},"end":{"line":267,"column":5}},"type":"if","locations":[{"start":{"line":253,"column":9},"end":{"line":267,"column":5}},{"start":{"line":256,"column":9},"end":{"line":267,"column":5}}],"line":253},"166":{"loc":{"start":{"line":253,"column":13},"end":{"line":253,"column":79}},"type":"binary-expr","locations":[{"start":{"line":253,"column":13},"end":{"line":253,"column":22}},{"start":{"line":253,"column":26},"end":{"line":253,"column":33}},{"start":{"line":253,"column":37},"end":{"line":253,"column":79}}],"line":253},"167":{"loc":{"start":{"line":256,"column":9},"end":{"line":267,"column":5}},"type":"if","locations":[{"start":{"line":256,"column":9},"end":{"line":267,"column":5}},{"start":{"line":259,"column":9},"end":{"line":267,"column":5}}],"line":256},"168":{"loc":{"start":{"line":256,"column":13},"end":{"line":256,"column":94}},"type":"binary-expr","locations":[{"start":{"line":256,"column":13},"end":{"line":256,"column":24}},{"start":{"line":256,"column":28},"end":{"line":256,"column":37}},{"start":{"line":256,"column":41},"end":{"line":256,"column":94}}],"line":256},"169":{"loc":{"start":{"line":259,"column":9},"end":{"line":267,"column":5}},"type":"if","locations":[{"start":{"line":259,"column":9},"end":{"line":267,"column":5}},{"start":{"line":262,"column":9},"end":{"line":267,"column":5}}],"line":259},"170":{"loc":{"start":{"line":259,"column":13},"end":{"line":259,"column":89}},"type":"binary-expr","locations":[{"start":{"line":259,"column":13},"end":{"line":259,"column":24}},{"start":{"line":259,"column":28},"end":{"line":259,"column":35}},{"start":{"line":259,"column":39},"end":{"line":259,"column":89}}],"line":259},"171":{"loc":{"start":{"line":262,"column":9},"end":{"line":267,"column":5}},"type":"if","locations":[{"start":{"line":262,"column":9},"end":{"line":267,"column":5}},{"start":{"line":265,"column":9},"end":{"line":267,"column":5}}],"line":262},"172":{"loc":{"start":{"line":263,"column":13},"end":{"line":263,"column":143}},"type":"cond-expr","locations":[{"start":{"line":263,"column":32},"end":{"line":263,"column":74}},{"start":{"line":263,"column":77},"end":{"line":263,"column":143}}],"line":263},"173":{"loc":{"start":{"line":263,"column":51},"end":{"line":263,"column":73}},"type":"binary-expr","locations":[{"start":{"line":263,"column":51},"end":{"line":263,"column":57}},{"start":{"line":263,"column":61},"end":{"line":263,"column":73}}],"line":263},"174":{"loc":{"start":{"line":263,"column":89},"end":{"line":263,"column":111}},"type":"binary-expr","locations":[{"start":{"line":263,"column":89},"end":{"line":263,"column":95}},{"start":{"line":263,"column":99},"end":{"line":263,"column":111}}],"line":263},"175":{"loc":{"start":{"line":263,"column":120},"end":{"line":263,"column":142}},"type":"binary-expr","locations":[{"start":{"line":263,"column":120},"end":{"line":263,"column":126}},{"start":{"line":263,"column":130},"end":{"line":263,"column":142}}],"line":263},"176":{"loc":{"start":{"line":272,"column":160},"end":{"line":272,"column":184}},"type":"default-arg","locations":[{"start":{"line":272,"column":175},"end":{"line":272,"column":184}}],"line":272},"177":{"loc":{"start":{"line":272,"column":186},"end":{"line":272,"column":210}},"type":"default-arg","locations":[{"start":{"line":272,"column":203},"end":{"line":272,"column":210}}],"line":272},"178":{"loc":{"start":{"line":272,"column":212},"end":{"line":272,"column":238}},"type":"default-arg","locations":[{"start":{"line":272,"column":231},"end":{"line":272,"column":238}}],"line":272},"179":{"loc":{"start":{"line":272,"column":240},"end":{"line":272,"column":268}},"type":"default-arg","locations":[{"start":{"line":272,"column":261},"end":{"line":272,"column":268}}],"line":272},"180":{"loc":{"start":{"line":274,"column":21},"end":{"line":274,"column":179}},"type":"cond-expr","locations":[{"start":{"line":274,"column":32},"end":{"line":274,"column":171}},{"start":{"line":274,"column":175},"end":{"line":274,"column":179}}],"line":274},"181":{"loc":{"start":{"line":274,"column":32},"end":{"line":274,"column":171}},"type":"cond-expr","locations":[{"start":{"line":274,"column":54},"end":{"line":274,"column":99}},{"start":{"line":274,"column":102},"end":{"line":274,"column":171}}],"line":274},"182":{"loc":{"start":{"line":274,"column":76},"end":{"line":274,"column":98}},"type":"binary-expr","locations":[{"start":{"line":274,"column":76},"end":{"line":274,"column":82}},{"start":{"line":274,"column":86},"end":{"line":274,"column":98}}],"line":274},"183":{"loc":{"start":{"line":274,"column":117},"end":{"line":274,"column":139}},"type":"binary-expr","locations":[{"start":{"line":274,"column":117},"end":{"line":274,"column":123}},{"start":{"line":274,"column":127},"end":{"line":274,"column":139}}],"line":274},"184":{"loc":{"start":{"line":274,"column":148},"end":{"line":274,"column":170}},"type":"binary-expr","locations":[{"start":{"line":274,"column":148},"end":{"line":274,"column":154}},{"start":{"line":274,"column":158},"end":{"line":274,"column":170}}],"line":274},"185":{"loc":{"start":{"line":275,"column":21},"end":{"line":275,"column":179}},"type":"cond-expr","locations":[{"start":{"line":275,"column":32},"end":{"line":275,"column":171}},{"start":{"line":275,"column":175},"end":{"line":275,"column":179}}],"line":275},"186":{"loc":{"start":{"line":275,"column":32},"end":{"line":275,"column":171}},"type":"cond-expr","locations":[{"start":{"line":275,"column":54},"end":{"line":275,"column":99}},{"start":{"line":275,"column":102},"end":{"line":275,"column":171}}],"line":275},"187":{"loc":{"start":{"line":275,"column":76},"end":{"line":275,"column":98}},"type":"binary-expr","locations":[{"start":{"line":275,"column":76},"end":{"line":275,"column":82}},{"start":{"line":275,"column":86},"end":{"line":275,"column":98}}],"line":275},"188":{"loc":{"start":{"line":275,"column":117},"end":{"line":275,"column":139}},"type":"binary-expr","locations":[{"start":{"line":275,"column":117},"end":{"line":275,"column":123}},{"start":{"line":275,"column":127},"end":{"line":275,"column":139}}],"line":275},"189":{"loc":{"start":{"line":275,"column":148},"end":{"line":275,"column":170}},"type":"binary-expr","locations":[{"start":{"line":275,"column":148},"end":{"line":275,"column":154}},{"start":{"line":275,"column":158},"end":{"line":275,"column":170}}],"line":275},"190":{"loc":{"start":{"line":279,"column":9},"end":{"line":282,"column":24}},"type":"binary-expr","locations":[{"start":{"line":279,"column":9},"end":{"line":279,"column":14}},{"start":{"line":279,"column":18},"end":{"line":282,"column":24}}],"line":279},"191":{"loc":{"start":{"line":286,"column":27},"end":{"line":286,"column":59}},"type":"binary-expr","locations":[{"start":{"line":286,"column":27},"end":{"line":286,"column":36}},{"start":{"line":286,"column":40},"end":{"line":286,"column":59}}],"line":286},"192":{"loc":{"start":{"line":291,"column":17},"end":{"line":291,"column":65}},"type":"cond-expr","locations":[{"start":{"line":291,"column":30},"end":{"line":291,"column":56}},{"start":{"line":291,"column":60},"end":{"line":291,"column":65}}],"line":291},"193":{"loc":{"start":{"line":291,"column":30},"end":{"line":291,"column":56}},"type":"cond-expr","locations":[{"start":{"line":291,"column":40},"end":{"line":291,"column":48}},{"start":{"line":291,"column":51},"end":{"line":291,"column":56}}],"line":291},"194":{"loc":{"start":{"line":296,"column":9},"end":{"line":300,"column":10}},"type":"binary-expr","locations":[{"start":{"line":296,"column":9},"end":{"line":296,"column":13}},{"start":{"line":296,"column":17},"end":{"line":300,"column":10}}],"line":296},"195":{"loc":{"start":{"line":301,"column":9},"end":{"line":356,"column":28}},"type":"binary-expr","locations":[{"start":{"line":301,"column":9},"end":{"line":301,"column":22}},{"start":{"line":301,"column":26},"end":{"line":301,"column":33}},{"start":{"line":301,"column":38},"end":{"line":301,"column":70}},{"start":{"line":301,"column":74},"end":{"line":301,"column":140}},{"start":{"line":301,"column":145},"end":{"line":356,"column":28}}],"line":301},"196":{"loc":{"start":{"line":301,"column":107},"end":{"line":301,"column":129}},"type":"binary-expr","locations":[{"start":{"line":301,"column":107},"end":{"line":301,"column":113}},{"start":{"line":301,"column":117},"end":{"line":301,"column":129}}],"line":301},"197":{"loc":{"start":{"line":306,"column":16},"end":{"line":310,"column":17}},"type":"if","locations":[{"start":{"line":306,"column":16},"end":{"line":310,"column":17}},{"start":{"line":308,"column":23},"end":{"line":310,"column":17}}],"line":306},"198":{"loc":{"start":{"line":332,"column":16},"end":{"line":336,"column":17}},"type":"if","locations":[{"start":{"line":332,"column":16},"end":{"line":336,"column":17}},{"start":{"line":334,"column":23},"end":{"line":336,"column":17}}],"line":332}},"s":{"0":1,"1":1,"2":1,"3":1,"4":13,"5":13,"6":13,"7":13,"8":13,"9":13,"10":13,"11":115,"12":115,"13":115,"14":115,"15":21,"16":21,"17":21,"18":21,"19":21,"20":21,"21":21,"22":21,"23":0,"24":21,"25":21,"26":21,"27":21,"28":21,"29":21,"30":21,"31":21,"32":7,"33":1,"34":1,"35":1,"36":1,"37":1,"38":1,"39":1,"40":1,"41":1,"42":1,"43":0,"44":1,"45":1,"46":1,"47":1,"48":1,"49":1,"50":0,"51":1,"52":0,"53":1,"54":0,"55":0,"56":0,"57":0,"58":0,"59":0,"60":0,"61":0,"62":0,"63":0,"64":1,"65":1,"66":1,"67":1,"68":1,"69":1,"70":1,"71":1,"72":1,"73":1,"74":0,"75":1,"76":1,"77":1,"78":1,"79":1,"80":1,"81":0,"82":1,"83":0,"84":1,"85":0,"86":0,"87":0,"88":0,"89":0,"90":0,"91":0,"92":0,"93":0,"94":0,"95":21,"96":21,"97":0,"98":21,"99":0,"100":21,"101":21,"102":0,"103":0,"104":0,"105":0,"106":7,"107":7,"108":0,"109":7,"110":0,"111":7,"112":7,"113":7,"114":0,"115":0,"116":0,"117":0,"118":0,"119":0,"120":0,"121":0,"122":0,"123":0,"124":0,"125":0,"126":0,"127":0,"128":0,"129":0,"130":44,"131":44,"132":44,"133":44,"134":44,"135":44,"136":44,"137":3,"138":41,"139":4,"140":37,"141":0,"142":37,"143":0,"144":37,"145":32,"146":5,"147":41,"148":41,"149":41,"150":41,"151":41,"152":41,"153":41,"154":0,"155":0,"156":0,"157":0,"158":0,"159":0,"160":0,"161":0,"162":0,"163":0,"164":0,"165":0,"166":0,"167":0,"168":1},"f":{"0":13,"1":115,"2":21,"3":21,"4":1,"5":1,"6":21,"7":0,"8":0,"9":7,"10":0,"11":0,"12":0,"13":44,"14":41,"15":0,"16":0,"17":0,"18":0,"19":0,"20":0,"21":0,"22":0,"23":0,"24":0},"b":{"0":[13,8,2,2],"1":[13,5,1,1],"2":[13,5,1,1],"3":[8,5],"4":[2,6],"5":[2,0],"6":[6,0],"7":[6,0],"8":[8,5],"9":[2,6],"10":[6,0],"11":[5,8],"12":[1,4],"13":[4,0],"14":[5,8],"15":[1,4],"16":[4,0],"17":[13,5],"18":[5,0],"19":[13,0],"20":[115,91,31,31],"21":[115,39,17,17],"22":[115,39,17,17],"23":[21,1],"24":[1,0],"25":[21,0],"26":[3,18],"27":[18,0],"28":[3,18],"29":[18,0],"30":[0,21],"31":[21,0,0],"32":[0,0],"33":[19,2],"34":[6,15],"35":[6,15],"36":[1,1],"37":[2,2],"38":[1,0],"39":[1,1],"40":[0,0],"41":[0,0],"42":[21,1],"43":[1,0],"44":[21,0],"45":[21,0],"46":[7,14],"47":[1,0],"48":[0,0],"49":[1,0],"50":[1,0],"51":[0,0],"52":[1,0],"53":[0,0],"54":[0,1],"55":[1,0,0],"56":[0,0],"57":[0,1],"58":[1,0],"59":[1,0],"60":[1,0],"61":[1,1],"62":[0,0],"63":[0,0],"64":[0,0],"65":[0,0],"66":[1,0],"67":[1,0],"68":[1,0],"69":[1,0],"70":[0,0],"71":[1,0],"72":[1,0],"73":[0,0],"74":[1,0],"75":[1,1,1,1],"76":[0,1],"77":[1,1,0,0],"78":[0,1],"79":[1,1,1,0],"80":[0,0],"81":[0,0],"82":[0,0],"83":[0,0],"84":[0,0],"85":[0,0],"86":[1,0],"87":[0,0],"88":[1,0],"89":[1,0],"90":[0,0],"91":[1,0],"92":[0,0],"93":[0,1],"94":[1,0,0],"95":[0,0],"96":[0,1],"97":[1,0],"98":[1,0],"99":[1,0],"100":[1,1],"101":[0,0],"102":[0,0],"103":[0,0],"104":[0,0],"105":[1,0],"106":[1,0],"107":[1,0],"108":[1,0],"109":[0,0],"110":[1,0],"111":[1,0],"112":[0,0],"113":[1,0],"114":[1,1,1,1],"115":[0,1],"116":[1,1,0,0],"117":[0,1],"118":[1,1,1,0],"119":[0,0],"120":[0,0],"121":[0,0],"122":[0,0],"123":[0,0],"124":[0,0],"125":[0,21],"126":[0,21],"127":[0,0],"128":[0,7],"129":[7,0],"130":[0,7],"131":[7,7],"132":[0,7],"133":[0,0],"134":[0,0],"135":[0,0],"136":[0,0],"137":[0,0],"138":[0,7],"139":[6,1],"140":[2,4],"141":[4,0],"142":[0,0],"143":[0,0],"144":[0,0],"145":[0,0],"146":[0,0],"147":[0,0],"148":[0,0],"149":[0,0],"150":[0,0],"151":[0,0],"152":[0,0],"153":[0,0],"154":[33,11],"155":[11,22],"156":[22,0],"157":[16,28],"158":[6,10],"159":[10,0],"160":[16,28],"161":[6,10],"162":[10,0],"163":[3,41],"164":[44,43,42],"165":[4,37],"166":[41,15,15],"167":[0,37],"168":[37,32,11],"169":[0,37],"170":[37,32,11],"171":[32,5],"172":[11,21],"173":[11,0],"174":[21,0],"175":[21,0],"176":[41],"177":[41],"178":[41],"179":[41],"180":[13,28],"181":[5,8],"182":[5,0],"183":[8,0],"184":[8,0],"185":[13,28],"186":[5,8],"187":[5,0],"188":[8,0],"189":[8,0],"190":[41,0],"191":[0,0],"192":[0,41],"193":[0,0],"194":[41,0],"195":[41,0,0,0,0],"196":[0,0],"197":[0,0],"198":[0,0]},"_coverageSchema":"1a1c01bbd47fc00a2c39e90264f33305004495a9","hash":"d311d64061cfa42f26108fed104dc3b7b66fe2be"}
,"/Users/luisalfredo/tekchoice/react-modern-datepicker/lib/elements/CalendarBody.js": {"path":"/Users/luisalfredo/tekchoice/react-modern-datepicker/lib/elements/CalendarBody.js","statementMap":{"0":{"start":{"line":8,"column":21},"end":{"line":51,"column":1}},"1":{"start":{"line":9,"column":160},"end":{"line":9,"column":165}},"2":{"start":{"line":10,"column":2},"end":{"line":50,"column":4}},"3":{"start":{"line":18,"column":33},"end":{"line":18,"column":56}},"4":{"start":{"line":30,"column":34},"end":{"line":30,"column":58}},"5":{"start":{"line":42,"column":33},"end":{"line":42,"column":56}},"6":{"start":{"line":53,"column":0},"end":{"line":74,"column":2}}},"fnMap":{"0":{"name":"(anonymous_0)","decl":{"start":{"line":8,"column":21},"end":{"line":8,"column":22}},"loc":{"start":{"line":8,"column":30},"end":{"line":51,"column":1}},"line":8},"1":{"name":"(anonymous_1)","decl":{"start":{"line":18,"column":22},"end":{"line":18,"column":23}},"loc":{"start":{"line":18,"column":33},"end":{"line":18,"column":56}},"line":18},"2":{"name":"(anonymous_2)","decl":{"start":{"line":30,"column":23},"end":{"line":30,"column":24}},"loc":{"start":{"line":30,"column":34},"end":{"line":30,"column":58}},"line":30},"3":{"name":"(anonymous_3)","decl":{"start":{"line":42,"column":22},"end":{"line":42,"column":23}},"loc":{"start":{"line":42,"column":33},"end":{"line":42,"column":56}},"line":42}},"branchMap":{"0":{"loc":{"start":{"line":12,"column":7},"end":{"line":23,"column":8}},"type":"binary-expr","locations":[{"start":{"line":12,"column":7},"end":{"line":12,"column":25}},{"start":{"line":12,"column":29},"end":{"line":23,"column":8}}],"line":12},"1":{"loc":{"start":{"line":24,"column":7},"end":{"line":35,"column":32}},"type":"binary-expr","locations":[{"start":{"line":24,"column":7},"end":{"line":24,"column":26}},{"start":{"line":24,"column":30},"end":{"line":35,"column":32}}],"line":24},"2":{"loc":{"start":{"line":36,"column":7},"end":{"line":48,"column":8}},"type":"binary-expr","locations":[{"start":{"line":36,"column":7},"end":{"line":36,"column":25}},{"start":{"line":36,"column":29},"end":{"line":48,"column":8}}],"line":36}},"s":{"0":1,"1":0,"2":0,"3":0,"4":0,"5":0,"6":1},"f":{"0":0,"1":0,"2":0,"3":0},"b":{"0":[0,0],"1":[0,0],"2":[0,0]},"_coverageSchema":"1a1c01bbd47fc00a2c39e90264f33305004495a9","hash":"20288caba3f995b2b4ac31549e14834925901540"}
,"/Users/luisalfredo/tekchoice/react-modern-datepicker/lib/elements/CalendarContainer.js": {"path":"/Users/luisalfredo/tekchoice/react-modern-datepicker/lib/elements/CalendarContainer.js","statementMap":{"0":{"start":{"line":2,"column":26},"end":{"line":22,"column":1}},"1":{"start":{"line":3,"column":2},"end":{"line":3,"column":36}},"2":{"start":{"line":4,"column":2},"end":{"line":6,"column":4}},"3":{"start":{"line":16,"column":34},"end":{"line":16,"column":54}}},"fnMap":{"0":{"name":"(anonymous_0)","decl":{"start":{"line":2,"column":43},"end":{"line":2,"column":44}},"loc":{"start":{"line":2,"column":54},"end":{"line":7,"column":1}},"line":2},"1":{"name":"(anonymous_1)","decl":{"start":{"line":16,"column":25},"end":{"line":16,"column":26}},"loc":{"start":{"line":16,"column":34},"end":{"line":16,"column":54}},"line":16}},"branchMap":{},"s":{"0":1,"1":0,"2":0,"3":0},"f":{"0":0,"1":0},"b":{},"_coverageSchema":"1a1c01bbd47fc00a2c39e90264f33305004495a9","hash":"65059b0a9852fd40cd30487ce1fc425c4efc9016"}
,"/Users/luisalfredo/tekchoice/react-modern-datepicker/lib/elements/CalendarHeading.js": {"path":"/Users/luisalfredo/tekchoice/react-modern-datepicker/lib/elements/CalendarHeading.js","statementMap":{"0":{"start":{"line":2,"column":24},"end":{"line":11,"column":1}},"1":{"start":{"line":8,"column":34},"end":{"line":8,"column":54}}},"fnMap":{"0":{"name":"(anonymous_0)","decl":{"start":{"line":8,"column":25},"end":{"line":8,"column":26}},"loc":{"start":{"line":8,"column":34},"end":{"line":8,"column":54}},"line":8}},"branchMap":{},"s":{"0":1,"1":0},"f":{"0":0},"b":{},"_coverageSchema":"1a1c01bbd47fc00a2c39e90264f33305004495a9","hash":"d4e7fc5e91559b4a1f9ecc8e3d3678d479aa77bb"}
,"/Users/luisalfredo/tekchoice/react-modern-datepicker/lib/elements/Container.js": {"path":"/Users/luisalfredo/tekchoice/react-modern-datepicker/lib/elements/Container.js","statementMap":{"0":{"start":{"line":2,"column":18},"end":{"line":6,"column":1}}},"fnMap":{},"branchMap":{},"s":{"0":1},"f":{},"b":{},"_coverageSchema":"1a1c01bbd47fc00a2c39e90264f33305004495a9","hash":"3b9c1dc94b78875e3d118cb349d0a7fd555a027a"}
,"/Users/luisalfredo/tekchoice/react-modern-datepicker/lib/elements/DateEditor.js": {"path":"/Users/luisalfredo/tekchoice/react-modern-datepicker/lib/elements/DateEditor.js","statementMap":{"0":{"start":{"line":10,"column":0},"end":{"line":10,"column":32}},"1":{"start":{"line":11,"column":0},"end":{"line":11,"column":24}},"2":{"start":{"line":12,"column":0},"end":{"line":12,"column":28}},"3":{"start":{"line":13,"column":0},"end":{"line":13,"column":29}},"4":{"start":{"line":14,"column":13},"end":{"line":25,"column":1}},"5":{"start":{"line":17,"column":19},"end":{"line":17,"column":41}},"6":{"start":{"line":26,"column":21},"end":{"line":29,"column":1}},"7":{"start":{"line":27,"column":19},"end":{"line":27,"column":41}},"8":{"start":{"line":30,"column":16},"end":{"line":35,"column":1}},"9":{"start":{"line":32,"column":25},"end":{"line":32,"column":45}},"10":{"start":{"line":39,"column":19},"end":{"line":88,"column":1}},"11":{"start":{"line":40,"column":20},"end":{"line":40,"column":22}},"12":{"start":{"line":42,"column":159},"end":{"line":42,"column":164}},"13":{"start":{"line":44,"column":16},"end":{"line":44,"column":93}},"14":{"start":{"line":45,"column":19},"end":{"line":45,"column":57}},"15":{"start":{"line":46,"column":19},"end":{"line":46,"column":57}},"16":{"start":{"line":48,"column":2},"end":{"line":52,"column":3}},"17":{"start":{"line":49,"column":4},"end":{"line":49,"column":65}},"18":{"start":{"line":51,"column":4},"end":{"line":51,"column":401}},"19":{"start":{"line":54,"column":14},"end":{"line":54,"column":96}},"20":{"start":{"line":55,"column":16},"end":{"line":55,"column":100}},"21":{"start":{"line":56,"column":15},"end":{"line":56,"column":101}},"22":{"start":{"line":59,"column":23},"end":{"line":78,"column":3}},"23":{"start":{"line":80,"column":2},"end":{"line":87,"column":4}},"24":{"start":{"line":83,"column":21},"end":{"line":83,"column":60}},"25":{"start":{"line":84,"column":8},"end":{"line":84,"column":48}},"26":{"start":{"line":89,"column":0},"end":{"line":109,"column":2}}},"fnMap":{"0":{"name":"(anonymous_0)","decl":{"start":{"line":17,"column":10},"end":{"line":17,"column":11}},"loc":{"start":{"line":17,"column":19},"end":{"line":17,"column":41}},"line":17},"1":{"name":"(anonymous_1)","decl":{"start":{"line":27,"column":10},"end":{"line":27,"column":11}},"loc":{"start":{"line":27,"column":19},"end":{"line":27,"column":41}},"line":27},"2":{"name
[...]
}}},"fnMap":{"0":{"name":"(anonymous_0)","decl":{"start":{"line":6,"column":24},"end":{"line":6,"column":25}},"loc":{"start":{"line":6,"column":33},"end":{"line":6,"column":53}},"line":6},"1":{"name":"(anonymous_1)","decl":{"start":{"line":17,"column":14},"end":{"line":17,"column":15}},"loc":{"start":{"line":17,"column":23},"end":{"line":17,"column":60}},"line":17},"2":{"name":"(anonymous_2)","decl":{"start":{"line":18,"column":6},"end":{"line":18,"column":7}},"loc":{"start":{"line":18,"column":15},"end":{"line":18,"column":44}},"line":18},"3":{"name":"(anonymous_3)","decl":{"start":{"line":23,"column":23},"end":{"line":23,"column":24}},"loc":{"start":{"line":23,"column":32},"end":{"line":23,"column":58}},"line":23},"4":{"name":"(anonymous_4)","decl":{"start":{"line":26,"column":22},"end":{"line":26,"column":23}},"loc":{"start":{"line":26,"column":31},"end":{"line":26,"column":68}},"line":26},"5":{"name":"(anonymous_5)","decl":{"start":{"line":27,"column":24},"end":{"line":27,"column":25}},"loc":{"start":{"line":27,"column":33},"end":{"line":27,"column":70}},"line":27},"6":{"name":"(anonymous_6)","decl":{"start":{"line":28,"column":26},"end":{"line":28,"column":27}},"loc":{"start":{"line":28,"column":35},"end":{"line":28,"column":83}},"line":28},"7":{"name":"(anonymous_7)","decl":{"start":{"line":29,"column":29},"end":{"line":29,"column":30}},"loc":{"start":{"line":29,"column":38},"end":{"line":29,"column":86}},"line":29},"8":{"name":"(anonymous_8)","decl":{"start":{"line":30,"column":21},"end":{"line":30,"column":22}},"loc":{"start":{"line":30,"column":30},"end":{"line":30,"column":78}},"line":30}},"branchMap":{"0":{"loc":{"start":{"line":18,"column":15},"end":{"line":18,"column":44}},"type":"cond-expr","locations":[{"start":{"line":18,"column":28},"end":{"line":18,"column":34}},{"start":{"line":18,"column":37},"end":{"line":18,"column":44}}],"line":18},"1":{"loc":{"start":{"line":23,"column":32},"end":{"line":23,"column":58}},"type":"cond-expr","locations":[{"start":{"line":23,"column":45},"end":{"line":23,"column":50}},{"start":{"line":23,"column":53},"end":{"line":23,"column":58}}],"line":23},"2":{"loc":{"start":{"line":28,"column":35},"end":{"line":28,"column":83}},"type":"cond-expr","locations":[{"start":{"line":28,"column":48},"end":{"line":28,"column":65}},{"start":{"line":28,"column":68},"end":{"line":28,"column":83}}],"line":28},"3":{"loc":{"start":{"line":29,"column":38},"end":{"line":29,"column":86}},"type":"cond-expr","locations":[{"start":{"line":29,"column":51},"end":{"line":29,"column":68}},{"start":{"line":29,"column":71},"end":{"line":29,"column":86}}],"line":29},"4":{"loc":{"start":{"line":30,"column":30},"end":{"line":30,"column":78}},"type":"cond-expr","locations":[{"start":{"line":30,"column":43},"end":{"line":30,"column":60}},{"start":{"line":30,"column":63},"end":{"line":30,"column":78}}],"line":30}},"s":{"0":1,"1":0,"2":0,"3":0,"4":0,"5":0,"6":0,"7":0,"8":0,"9":0},"f":{"0":0,"1":0,"2":0,"3":0,"4":0,"5":0,"6":0,"7":0,"8":0},"b":{"0":[0,0],"1":[0,0],"2":[0,0],"3":[0,0],"4":[0,0]},"_coverageSchema":"1a1c01bbd47fc00a2c39e90264f33305004495a9","hash":"3324021c183b7e0eff0b0da1fcdce15d273fff93"}
,"/Users/luisalfredo/tekchoice/react-modern-datepicker/lib/elements/Span.js": {"path":"/Users/luisalfredo/tekchoice/react-modern-datepicker/lib/elements/Span.js","statementMap":{"0":{"start":{"line":2,"column":13},"end":{"line":13,"column":1}}},"fnMap":{},"branchMap":{},"s":{"0":1},"f":{},"b":{},"_coverageSchema":"1a1c01bbd47fc00a2c39e90264f33305004495a9","hash":"aa313a1db7ef1b9f601bab55b0c3030f552adb95"}
,"/Users/luisalfredo/tekchoice/react-modern-datepicker/lib/elements/Wrapper.js": {"path":"/Users/luisalfredo/tekchoice/react-modern-datepicker/lib/elements/Wrapper.js","statementMap":{"0":{"start":{"line":2,"column":18},"end":{"line":5,"column":1}},"1":{"start":{"line":6,"column":16},"end":{"line":15,"column":1}},"2":{"start":{"line":10,"column":25},"end":{"line":10,"column":45}}},"fnMap":{"0":{"name":"(anonymous_0)","decl":{"start":{"line":10,"column":16},"end":{"line":10,"column":17}},"loc":{"start":{"line":10,"column":25},"end":{"line":10,"column":45}},"line":10}},"branchMap":{},"s":{"0":1,"1":1,"2":0},"f":{"0":0},"b":{},"_coverageSchema":"1a1c01bbd47fc00a2c39e90264f33305004495a9","hash":"1720d041cfe6025c44e004defa2d82f774738f97"}
,"/Users/luisalfredo/tekchoice/react-modern-datepicker/lib/elements/YearView.js": {"path":"/Users/luisalfredo/tekchoice/react-modern-datepicker/lib/elements/YearView.js","statementMap":{"0":{"start":{"line":12,"column":0},"end":{"line":12,"column":32}},"1":{"start":{"line":13,"column":0},"end":{"line":13,"column":24}},"2":{"start":{"line":14,"column":0},"end":{"line":14,"column":28}},"3":{"start":{"line":15,"column":0},"end":{"line":15,"column":29}},"4":{"start":{"line":18,"column":14},"end":{"line":25,"column":1}},"5":{"start":{"line":20,"column":30},"end":{"line":20,"column":75}},"6":{"start":{"line":21,"column":22},"end":{"line":21,"column":73}},"7":{"start":{"line":22,"column":29},"end":{"line":22,"column":88}},"8":{"start":{"line":23,"column":19},"end":{"line":23,"column":41}},"9":{"start":{"line":24,"column":21},"end":{"line":24,"column":62}},"10":{"start":{"line":26,"column":21},"end":{"line":31,"column":1}},"11":{"start":{"line":27,"column":30},"end":{"line":27,"column":48}},"12":{"start":{"line":28,"column":21},"end":{"line":28,"column":100}},"13":{"start":{"line":32,"column":17},"end":{"line":44,"column":1}},"14":{"start":{"line":33,"column":18},"end":{"line":33,"column":22}},"15":{"start":{"line":34,"column":16},"end":{"line":34,"column":25}},"16":{"start":{"line":35,"column":14},"end":{"line":35,"column":16}},"17":{"start":{"line":36,"column":2},"end":{"line":42,"column":3}},"18":{"start":{"line":36,"column":15},"end":{"line":36,"column":24}},"19":{"start":{"line":37,"column":4},"end":{"line":41,"column":7}},"20":{"start":{"line":43,"column":2},"end":{"line":43,"column":15}},"21":{"start":{"line":45,"column":17},"end":{"line":93,"column":1}},"22":{"start":{"line":48,"column":155},"end":{"line":48,"column":160}},"23":{"start":{"line":49,"column":16},"end":{"line":49,"column":93}},"24":{"start":{"line":50,"column":19},"end":{"line":50,"column":57}},"25":{"start":{"line":51,"column":19},"end":{"line":51,"column":57}},"26":{"start":{"line":54,"column":20},"end":{"line":54,"column":22}},"27":{"start":{"line":55,"column":2},"end":{"line":59,"column":3}},"28":{"start":{"line":56,"column":4},"end":{"line":56,"column":65}},"29":{"start":{"line":58,"column":4},"end":{"line":58,"column":403}},"30":{"start":{"line":61,"column":19},"end":{"line":61,"column":76}},"31":{"start":{"line":62,"column":18},"end":{"line":62,"column":73}},"32":{"start":{"line":63,"column":20},"end":{"line":63,"column":75}},"33":{"start":{"line":64,"column":22},"end":{"line":64,"column":42}},"34":{"start":{"line":65,"column":15},"end":{"line":65,"column":64}},"35":{"start":{"line":66,"column":2},"end":{"line":92,"column":4}},"36":{"start":{"line":70,"column":10},"end":{"line":88,"column":12}},"37":{"start":{"line":75,"column":29},"end":{"line":75,"column":79}},"38":{"start":{"line":83,"column":29},"end":{"line":83,"column":79}},"39":{"start":{"line":94,"column":0},"end":{"line":114,"column":2}}},"fnMap":{"0":{"name":"(anonymous_0)","decl":{"start":{"line":20,"column":21},"end":{"line":20,"column":22}},"loc":{"start":{"line":20,"column":30},"end":{"line":20,"column":75}},"line":20},"1":{"name":"(anonymous_1)","decl":{"start":{"line":21,"column":13},"end":{"line":21,"column":14}},"loc":{"start":{"line":21,"column":22},"end":{"line":21,"column":73}},"line":21},"2":{"name":"(anonymous_2)","decl":{"start":{"line":22,"column":21},"end":{"line":22,"column":22}},"loc":{"start":{"line":22,"column":29},"end":{"line":22,"column":88}},"line":22},"3":{"name":"(anonymous_3)","decl":{"start":{"line":23,"column":10},"end":{"line":23,"column":11}},"loc":{"start":{"line":23,"column":19},"end":{"line":23,"column":41}},"line":23},"4":{"name":"(anonymous_4)","decl":{"start":{"line":24,"column":12},"end":{"line":24,"column":13}},"loc":{"start":{"line":24,"column":21},"end":{"line":24,"column":62}},"line":24},"5":{"name":"(anonymous_5)","decl":{"start":{"line":27,"column":21},"end":{"line":27,"column":22}},"loc":{"start":{"line":27,"column":30},"end":{"line":27,"column":48}},"line":27},"6":{"name":"(anonymous_6)","decl":{"start":{"line":28,"column":12},"end":{"line":28,"column":13}},"loc":{"start":{"line":28,"column":21},"end":{"line":28,"column":100}},"line":28},"7":{"name":"(anonymous_7)","decl":{"start":{"line":32,"column":17},"end":{"line":32,"column":18}},"loc":{"start":{"line":32,"column":45},"end":{"line":44,"column":1}},"line":32},"8":{"name":"(anonymous_8)","decl":{"start":{"line":45,"column":17},"end":{"line":45,"column":18}},"loc":{"start":{"line":45,"column":26},"end":{"line":93,"column":1}},"line":45},"9":{"name":"(anonymous_9)","decl":{"start":{"line":69,"column":19},"end":{"line":69,"column":20}},"loc":{"start":{"line":69,"column":32},"end":{"line":89,"column":9}},"line":69},"10":{"name":"(anonymous_10)","decl":{"start":{"line":75,"column":23},"end":{"line":75,"column":24}},"loc":{"start":{"line":75,"column":29},"end":{"line":75,"column":79}},"line":75},"11":{"name":"(anonymous_11)","decl":{"start":{"line":83,"column":23},"end":{"line":83,"column":24}},"loc":{"start":{"line":83,"column":29},"end":{"line":83,"column":79}},"line":83}},"branchMap":{"0":{"loc":{"start":{"line":20,"column":30},"end":{"line":20,"column":75}},"type":"cond-expr","locations":[{"start":{"line":20,"column":60},"end":{"line":20,"column":66}},{"start":{"line":20,"column":69},"end":{"line":20,"column":75}}],"line":20},"1":{"loc":{"start":{"line":20,"column":30},"end":{"line":20,"column":56}},"type":"binary-expr","locations":[{"start":{"line":20,"column":30},"end":{"line":20,"column":41}},{"start":{"line":20,"column":45},"end":{"line":20,"column":56}}],"line":20},"2":{"loc":{"start":{"line":21,"column":22},"end":{"line":21,"column":73}},"type":"cond-expr","locations":[{"start":{"line":21,"column":52},"end":{"line":21,"column":61}},{"start":{"line":21,"column":64},"end":{"line":21,"column":73}}],"line":21},"3":{"loc":{"start":{"line":21,"column":22},"end":{"line":21,"column":48}},"type":"binary-expr","locations":[{"start":{"line":21,"column":22},"end":{"line":21,"column":33}},{"start":{"line":21,"column":37},"end":{"line":21,"column":48}}],"line":21},"4":{"loc":{"start":{"line":22,"column":29},"end":{"line":22,"column":88}},"type":"cond-expr","locations":[{"start":{"line":22,"column":59},"end":{"line":22,"column":65}},{"start":{"line":22,"column":68},"end":{"line":22,"column":88}}],"line":22},"5":{"loc":{"start":{"line":22,"column":29},"end":{"line":22,"column":55}},"type":"binary-expr","locations":[{"start":{"line":22,"column":29},"end":{"line":22,"column":40}},{"start":{"line":22,"column":44},"end":{"line":22,"column":55}}],"line":22},"6":{"loc":{"start":{"line":24,"column":21},"end":{"line":24,"column":62}},"type":"cond-expr","locations":[{"start":{"line":24,"column":51},"end":{"line":24,"column":56}},{"start":{"line":24,"column":59},"end":{"line":24,"column":62}}],"line":24},"7":{"loc":{"start":{"line":24,"column":21},"end":{"line":24,"column":47}},"type":"binary-expr","locations":[{"start":{"line":24,"column":21},"end":{"line":24,"column":32}},{"start":{"line":24,"column":36},"end":{"line":24,"column":47}}],"line":24},"8":{"loc":{"start":{"line":28,"column":21},"end":{"line":28,"column":100}},"type":"cond-expr","locations":[{"start":{"line":28,"column":51},"end":{"line":28,"column":73}},{"start":{"line":28,"column":76},"end":{"line":28,"column":100}}],"line":28},"9":{"loc":{"start":{"line":28,"column":21},"end":{"line":28,"column":47}},"type":"binary-expr","locations":[{"start":{"line":28,"column":21},"end":{"line":28,"column":32}},{"start":{"line":28,"column":36},"end":{"line":28,"column":47}}],"line":28},"10":{"loc":{"start":{"line":39,"column":14},"end":{"line":39,"column":53}},"type":"cond-expr","locations":[{"start":{"line":39,"column":20},"end":{"line":39,"column":45}},{"start":{"line":39,"column":48},"end":{"line":39,"column":53}}],"line":39},"11":{"loc":{"start":{"line":40,"column":14},"end":{"line":40,"column":58}},"type":"cond-expr","locations":[{"start":{"line":40,"column":22},"end":{"line":40,"column":50}},{"start":{"line":40,"column":53},"end":{"line":40,"column":58}}],"line":40},"12":{"loc":{"start":{"line":49,"column":22},"end":{"line":49,"column":68}},"type":"binary-expr","locations":[{"start":{"line":49,"column":22},"end":{"line":49,"column":26}},{"start":{"line":49,"column":30},"end":{"line":49,"column":68}}],"line":49},"13":{"loc":{"start":{"line":49,"column":45},"end":{"line":49,"column":67}},"type":"binary-expr","locations":[{"start":{"line":49,"column":45},"end":{"line":49,"column":51}},{"start":{"line":49,"column":55},"end":{"line":49,"column":67}}],"line":49},"14":{"loc":{"start":{"line":49,"column":70},"end":{"line":49,"column":92}},"type":"binary-expr","locations":[{"start":{"line":49,"column":70},"end":{"line":49,"column":76}},{"start":{"line":49,"column":80},"end":{"line":49,"column":92}}],"line":49},"15":{"loc":{"start":{"line":50,"column":34},"end":{"line":50,"column":56}},"type":"binary-expr","locations":[{"start":{"line":50,"column":34},"end":{"line":50,"column":40}},{"start":{"line":50,"column":44},"end":{"line":50,"column":56}}],"line":50},"16":{"loc":{"start":{"line":51,"column":34},"end":{"line":51,"column":56}},"type":"binary-expr","locations":[{"start":{"line":51,"column":34},"end":{"line":51,"column":40}},{"start":{"line":51,"column":44},"end":{"line":51,"column":56}}],"line":51},"17":{"loc":{"start":{"line":55,"column":2},"end":{"line":59,"column":3}},"type":"if","locations":[{"start":{"line":55,"column":2},"end":{"line":59,"column":3}},{"start":{"line":57,"column":9},"end":{"line":59,"column":3}}],"line":55},"18":{"loc":{"start":{"line":55,"column":6},"end":{"line":55,"column":66}},"type":"binary-expr","locations":[{"start":{"line":55,"column":6},"end":{"line":55,"column":21}},{"start":{"line":55,"column":25},"end":{"line":55,"column":30}},{"start":{"line":55,"column":34},"end":{"line":55,"column":66}}],"line":55},"19":{"loc":{"start":{"line":56,"column":41},"end":{"line":56,"column":63}},"type":"binary-expr","locations":[{"start":{"line":56,"column":41},"end":{"line":56,"column":47}},{"start":{"line":56,"column":51},"end":{"line":56,"column":63}}],"line":56},"20":{"loc":{"start":{"line":58,"column":18},"end":{"line":58,"column":402}},"type":"cond-expr","locations":[{"start":{"line":58,"column":191},"end":{"line":58,"column":196}},{"start":{"line":58,"column":199},"end":{"line":58,"column":402}}],"line":58},"21":{"loc":{"start":{"line":58,"column":35},"end":{"line":58,"column":115}},"type":"cond-expr","locations":[{"start":{"line":58,"column":45},"end":{"line":58,"column":80}},{"start":{"line":58,"column":83},"end":{"line":58,"column":115}}],"line":58},"22":{"loc":{"start":{"line":58,"column":117},"end":{"line":58,"column":187}},"type":"cond-expr","locations":[{"start":{"line":58,"column":127},"end":{"line":58,"column":157}},{"start":{"line":58,"column":160},"end":{"line":58,"column":187}}],"line":58},"23":{"loc":{"start":{"line":58,"column":199},"end":{"line":58,"column":402}},"type":"cond-expr","locations":[{"start":{"line":58,"column":242},"end":{"line":58,"column":247}},{"start":{"line":58,"column":250},"end":{"line":58,"column":402}}],"line":58},"24":{"loc":{"start":{"line":58,"column":199},"end":{"line":58,"column":239}},"type":"binary-expr","locations":[{"start":{"line":58,"column":199},"end":{"line":58,"column":206}},{"start":{"line":58,"column":210},"end":{"line":58,"column":239}}],"line":58},"25":{"loc":{"start":{"line":58,"column":250},"end":{"line":58,"column":402}},"type":"cond-expr","locations":[{"start":{"line":58,"column":295},"end":{"line":58,"column":303}},{"start":{"line":58,"column":306},"end":{"line":58,"column":402}}],"line":58},"26":{"loc":{"start":{"line":58,"column":250},"end":{"line":58,"column":291}},"type":"binary-expr","locations":[{"start":{"line":58,"column":250},"end":{"line":58,"column":257}},{"start":{"line":58,"column":261},"end":{"line":58,"column":291}}],"line":58},"27":{"loc":{"start":{"line":58,"column":306},"end":{"line":58,"column":402}},"type":"cond-expr","locations":[{"start":{"line":58,"column":316},"end":{"line":58,"column":351}},{"start":{"line":58,"column":354},"end":{"line":58,"column":402}}],"line":58},"28":{"loc":{"start":{"line":58,"column":354},"end":{"line":58,"column":402}},"type":"cond-expr","locations":[{"start":{"line":58,"column":364},"end":{"line":58,"column":394}},{"start":{"line":58,"column":397},"end":{"line":58,"column":402}}],"line":58},"29":{"loc":{"start":{"line":61,"column":19},"end":{"line":61,"column":76}},"type":"cond-expr","locations":[{"start":{"line":61,"column":26},"end":{"line":61,"column":61}},{"start":{"line":61,"column":65},"end":{"line":61,"column":76}}],"line":61},"30":{"loc":{"start":{"line":61,"column":38},"end":{"line":61,"column":60}},"type":"binary-expr","locations":[{"start":{"line":61,"column":38},"end":{"line":61,"column":44}},{"start":{"line":61,"column":48},"end":{"line":61,"column":60}}],"line":61},"31":{"loc":{"start":{"line":62,"column":18},"end":{"line":62,"column":73}},"type":"cond-expr","locations":[{"start":{"line":62,"column":28},"end":{"line":62,"column":66}},{"start":{"line":62,"column":69},"end":{"line":62,"column":73}}],"line":62},"32":{"loc":{"start":{"line":62,"column":43},"end":{"line":62,"column":65}},"type":"binary-expr","locations":[{"start":{"line":62,"column":43},"end":{"line":62,"column":49}},{"start":{"line":62,"column":53},"end":{"line":62,"column":65}}],"line":62},"33":{"loc":{"start":{"line":63,"column":20},"end":{"line":63,"column":75}},"type":"cond-expr","locations":[{"start":{"line":63,"column":30},"end":{"line":63,"column":68}},{"start":{"line":63,"column":71},"end":{"line":63,"column":75}}],"line":63},"34":{"loc":{"start":{"line":63,"column":45},"end":{"line":63,"column":67}},"type":"binary-expr","locations":[{"start":{"line":63,"column":45},"end":{"line":63,"column":51}},{"start":{"line":63,"column":55},"end":{"line":63,"column":67}}],"line":63},"35":{"loc":{"start":{"line":71,"column":12},"end":{"line":87,"column":29}},"type":"cond-expr","locations":[{"start":{"line":71,"column":37},"end":{"line":79,"column":38}},{"start":{"line":79,"column":41},"end":{"line":87,"column":29}}],"line":71},"36":{"loc":{"start":{"line":75,"column":29},"end":{"line":75,"column":79}},"type":"binary-expr","locations":[{"start":{"line":75,"column":29},"end":{"line":75,"column":40}},{"start":{"line":75,"column":44},"end":{"line":75,"column":55}},{"start":{"line":75,"column":59},"end":{"line":75,"column":79}}],"line":75},"37":{"loc":{"start":{"line":83,"column":29},"end":{"line":83,"column":79}},"type":"binary-expr","locations":[{"start":{"line":83,"column":29},"end":{"line":83,"column":40}},{"start":{"line":83,"column":44},"end":{"line":83,"column":55}},{"start":{"line":83,"column":59},"end":{"line":83,"column":79}}],"line":83}},"s":{"0":1,"1":1,"2":1,"3":1,"4":1,"5":0,"6":0,"7":0,"8":0,"9":0,"10":1,"11":0,"12":0,"13":1,"14":0,"15":0,"16":0,"17":0,"18":0,"19":0,"20":0,"21":1,"22":0,"23":0,"24":0,"25":0,"26":0,"27":0,"28":0,"29":0,"30":0,"31":0,"32":0,"33":0,"34":0,"35":0,"36":0,"37":0,"38":0,"39":1},"f":{"0":0,"1":0,"2":0,"3":0,"4":0,"5":0,"6":0,"7":0,"8":0,"9":0,"10":0,"11":0},"b":{"0":[0,0],"1":[0,0],"2":[0,0],"3":[0,0],"4":[0,0],"5":[0,0],"6":[0,0],"7":[0,0],"8":[0,0],"9":[0,0],"10":[0,0],"11":[0,0],"12":[0,0],"13":[0,0],"14":[0,0],"15":[0,0],"16":[0,0],"17":[0,0],"18":[0,0,0],"19":[0,0],"20":[0,0],"21":[0,0],"22":[0,0],"23":[0,0],"24":[0,0],"25":[0,0],"26":[0,0],"27":[0,0],"28":[0,0],"29":[0,0],"30":[0,0],"31":[0,0],"32":[0,0],"33":[0,0],"34":[0,0],"35":[0,0],"36":[0,0,0],"37":[0,0,0]},"_coverageSchema":"1a1c01bbd47fc00a2c39e90264f33305004495a9","hash":"5af1284ebf3464edaa7effc3e9f156a6a266a84f"}
}
